
'''
#import sys; sys.stdout = open('E:\\VScode\\PYTHON_3\\Code\\database.out', 'w')

import pygame
from pygame.locals import *

BLACK = (  0,   0,   0)
WHITE = (255, 255, 255)
RED   = (255,   0,   0)
GREEN = (  0, 255,   0)
BLUE  = (  0,   0, 255)

BACKGROUND = pygame.image.load('E:\\VScode\\PYTHON_3\\Caro\\back.png')
XXX = pygame.image.load('E:\\VScode\\PYTHON_3\\Caro\\X.png')
OOO = pygame.image.load('E:\\VScode\\PYTHON_3\\Caro\\O.png')
#184
#304
#346
DISPLAYSURF = pygame.display.set_mode((300, 300))
DISPLAYSURF.blit(BACKGROUND, (0, 0))
pygame.display.set_caption('Caro (3x3_3) - cuberlong')
pygame.init()

a = [[' ' for i in range(3)] for i in range(3)]
dem = 420

th = [[[' ' for i in range(3)] for i in range(3)] for i in range(257)]
xuli = [[[0 for i in range(3)] for i in range(3)] for i in range(257)]

def readmouse() :
    while True :
        for event in pygame.event.get() :
            if event.type == pygame.QUIT :
                pygame.quit() 
                exit(0) 
            if event.type == pygame.MOUSEBUTTONDOWN :
                if pygame.mouse.get_pressed()[0] :
                    vt = pygame.mouse.get_pos()
                    return vt

def danh(x, y) :
    global DISPLAYSURF
    if (a[x][y] == ' ') :
        return
    if (a[x][y] == 'X') :
        DISPLAYSURF.blit(XXX, (x*100+5, y*100+5))
        pygame.display.update()  
    else :
        DISPLAYSURF.blit(OOO, (x*100+5, y*100+5))
        pygame.display.update()

def solve() :
    #return (3, 3)
    global DISPLAYSURF
    DISPLAYSURF.blit(BACKGROUND, (0, 0))
    for i in range(3) :
        for j in range(3) :
            danh(i, j)
    kq = readmouse()
    return (kq[0] // 100, kq[1] // 100)

def full() :
    for i in a :
        for j in i :
            if j == ' ' :
                return False
    return True

def Check() :
    # 3 Hang ngang
    if a[0][0] != ' ' and a[0][0] == a[0][1] and a[0][0] == a[0][2] :
        #pygame.draw.line(DISPLAYSURF, BLACK, (50, 50), (50, 250), 10)
        return True
    if a[1][0] != ' ' and a[1][0] == a[1][1] and a[1][0] == a[1][2] :
        #pygame.draw.line(DISPLAYSURF, BLACK, (150, 50), (150, 250), 10)
        return True
    if a[2][0] != ' ' and a[2][0] == a[2][1] and a[2][0] == a[2][2] :
        #pygame.draw.line(DISPLAYSURF, BLACK, (250, 50), (250, 250), 10)
        return True
    # 3 Hang doc
    if a[0][0] != ' ' and a[0][0] == a[1][0] and a[0][0] == a[2][0] :
        #pygame.draw.line(DISPLAYSURF, BLACK, (50, 50), (250, 50), 10)
        return True
    if a[0][1] != ' ' and a[0][1] == a[1][1] and a[0][1] == a[2][1] :
        #pygame.draw.line(DISPLAYSURF, BLACK, (50, 150), (250, 150), 10)
        return True
    if a[0][2] != ' ' and a[0][2] == a[1][2] and a[0][2] == a[2][2] :
        #pygame.draw.line(DISPLAYSURF, BLACK, (50, 250), (250, 250), 10)
        return True
    # 2 Duong cheo
    if a[0][0] != ' ' and a[0][0] == a[1][1] and a[0][0] == a[2][2] :
        #pygame.draw.line(DISPLAYSURF, BLACK, (50, 50), (250, 250), 10)
        return True
    if a[2][0] != ' ' and a[2][0] == a[1][1] and a[2][0] == a[0][2] :
        #pygame.draw.line(DISPLAYSURF, BLACK, (250, 50), (50, 250), 10)
        return True
    return False

def thdb1() :
    global dem
    dem += 1
    if a[1][1] == ' ':
        print('th[', end = '')
        print(dem, '] = ', a, '; xuli[', sep = '', end = '')
        print(dem, '] = (1, 1)')
        return
    else :
        print('th[', end = '')
        print(dem, '] = ', a, '; xuli[', sep = '', end = '')
        print(dem, '] = (0, 0)')
        return

def thdb2() :
    if a[1][1] == ' ' :
        return True
    if a[1][1] == 'X' and a[0][0] != 'O' :
        return True
    if a[1][1] == 'O' and a[0][0] != 'X' :
        return 3
    return False

def xulith(dx) :
    if dx == 1 :
        #thdb1()
        return
    if full() :
        return
    if Check() :
        return

    if thdb2() == 3:
        global dem
        dem += 1
        print('th[', end = '')
        print(dem, '] = ', a, '; xuli[', sep = '', end = '')
        print(dem, '] = ', sep = '', end = '')
        print(solve())

def lui(i, dx, do) :
    if i == 9 :
        if dx == do+1 :
            xulith(dx)
        return
    a[i//3][i%3] = ' '
    lui(i+1, dx, do)
    a[i//3][i%3] = 'O'
    lui(i+1, dx, do+1)
    a[i//3][i%3] = 'X'
    lui(i+1, dx+1, do)

    a[i//3][i%3] = ' '

lui(0, 0, 0)
th = [[[' ' for i in range(3)] for i in range(3)] for i in range(800)]
xuli = [[[0 for i in range(3)] for i in range(3)] for i in range(800)]
th[0] = [[' ', ' ', ' '], [' ', ' ', ' '], [' ', ' ', 'X']]; xuli[0 ] = (1, 1)
th[1] = [[' ', ' ', ' '], [' ', ' ', ' '], [' ', 'X', ' ']]; xuli[1 ] = (1, 1)
th[2] = [[' ', ' ', ' '], [' ', ' ', ' '], ['X', ' ', ' ']]; xuli[2 ] = (1, 1)
th[3] = [[' ', ' ', ' '], [' ', ' ', 'X'], [' ', ' ', ' ']]; xuli[3 ] = (1, 1)
th[4] = [[' ', ' ', ' '], [' ', 'X', ' '], [' ', ' ', ' ']]; xuli[4 ] = (0, 0)
th[5] = [[' ', ' ', ' '], ['X', ' ', ' '], [' ', ' ', ' ']]; xuli[5 ] = (1, 1)
th[6] = [[' ', ' ', 'X'], [' ', ' ', ' '], [' ', ' ', ' ']]; xuli[6 ] = (1, 1)
th[7] = [[' ', 'X', ' '], [' ', ' ', ' '], [' ', ' ', ' ']]; xuli[7 ] = (1, 1)
th[8] = [['O', ' ', ' '], [' ', 'X', ' '], [' ', ' ', 'X']]; xuli[8] = (0, 2)
th[9] = [['O', ' ', ' '], [' ', 'X', ' '], [' ', 'X', ' ']]; xuli[9] = (0, 1)
th[10] = [['O', ' ', ' '], [' ', 'X', ' '], ['O', 'X', 'X']]; xuli[10] = (1, 0)
th[11] = [['O', ' ', ' '], [' ', 'X', ' '], ['X', ' ', ' ']]; xuli[11] = (0, 2)
th[12] = [['O', ' ', ' '], [' ', 'X', ' '], ['X', 'O', 'X']]; xuli[12] = (0, 2)
th[13] = [['O', ' ', ' '], [' ', 'X', ' '], ['X', 'X', 'O']]; xuli[13] = (0, 2)
th[14] = [['O', ' ', ' '], [' ', 'X', 'O'], [' ', 'X', 'X']]; xuli[14] = (2, 0)
th[15] = [['O', ' ', ' '], [' ', 'X', 'O'], ['X', ' ', 'X']]; xuli[15] = (2, 1)
th[16] = [['O', ' ', ' '], [' ', 'X', 'O'], ['X', 'X', ' ']]; xuli[16] = (2, 2)
th[17] = [['O', ' ', ' '], [' ', 'X', 'X'], [' ', ' ', ' ']]; xuli[17] = (1, 0)
th[18] = [['O', ' ', ' '], [' ', 'X', 'X'], [' ', 'O', 'X']]; xuli[18] = (1, 0)
th[19] = [['O', ' ', ' '], [' ', 'X', 'X'], [' ', 'X', 'O']]; xuli[19] = (1, 0)
th[20] = [['O', ' ', ' '], [' ', 'X', 'X'], ['O', ' ', 'X']]; xuli[20] = (1, 0)
th[21] = [['O', ' ', ' '], [' ', 'X', 'X'], ['O', 'X', ' ']]; xuli[21] = (1, 0)
th[22] = [['O', ' ', ' '], [' ', 'X', 'X'], ['X', ' ', 'O']]; xuli[22] = (0, 2)
th[23] = [['O', ' ', ' '], [' ', 'X', 'X'], ['X', 'O', ' ']]; xuli[23] = (0, 2)
th[24] = [['O', ' ', ' '], ['O', 'X', ' '], [' ', 'X', 'X']]; xuli[24] = (2, 0)
th[25] = [['O', ' ', ' '], ['O', 'X', ' '], ['X', ' ', 'X']]; xuli[25] = (0, 2)
th[26] = [['O', ' ', ' '], ['O', 'X', ' '], ['X', 'X', ' ']]; xuli[26] = (0, 2)
th[27] = [['O', ' ', ' '], ['O', 'X', 'X'], [' ', ' ', 'X']]; xuli[27] = (2, 0)
th[28] = [['O', ' ', ' '], ['O', 'X', 'X'], [' ', 'X', ' ']]; xuli[28] = (2, 0)
th[29] = [['O', ' ', ' '], ['O', 'X', 'X'], ['X', ' ', ' ']]; xuli[29] = (0, 2)
th[30] = [['O', ' ', ' '], ['O', 'X', 'X'], ['X', 'O', 'X']]; xuli[30] = (0, 2)
th[31] = [['O', ' ', ' '], ['O', 'X', 'X'], ['X', 'X', 'O']]; xuli[31] = (0, 2)
th[32] = [['O', ' ', ' '], ['X', 'X', ' '], [' ', ' ', ' ']]; xuli[32] = (1, 2)
th[33] = [['O', ' ', ' '], ['X', 'X', ' '], [' ', 'O', 'X']]; xuli[33] = (1, 2)
th[34] = [['O', ' ', ' '], ['X', 'X', ' '], [' ', 'X', 'O']]; xuli[34] = (1, 2)
th[35] = [['O', ' ', ' '], ['X', 'X', ' '], ['O', ' ', 'X']]; xuli[35] = (1, 2)
th[36] = [['O', ' ', ' '], ['X', 'X', ' '], ['O', 'X', ' ']]; xuli[36] = (1, 2)
th[37] = [['O', ' ', ' '], ['X', 'X', ' '], ['X', ' ', 'O']]; xuli[37] = (1, 2)
th[38] = [['O', ' ', ' '], ['X', 'X', ' '], ['X', 'O', ' ']]; xuli[38] = (1, 2)
th[39] = [['O', ' ', ' '], ['X', 'X', 'O'], [' ', ' ', 'X']]; xuli[39] = (0, 2)
th[40] = [['O', ' ', ' '], ['X', 'X', 'O'], [' ', 'X', ' ']]; xuli[40] = (0, 1)
th[41] = [['O', ' ', ' '], ['X', 'X', 'O'], ['O', 'X', 'X']]; xuli[41] = (0, 1)
th[42] = [['O', ' ', ' '], ['X', 'X', 'O'], ['X', ' ', ' ']]; xuli[42] = (0, 2)
th[43] = [['O', ' ', ' '], ['X', 'X', 'O'], ['X', 'O', 'X']]; xuli[43] = (0, 2)
th[44] = [['O', ' ', ' '], ['X', 'X', 'O'], ['X', 'X', 'O']]; xuli[44] = (0, 2)
th[45] = [['O', ' ', 'O'], [' ', 'X', ' '], [' ', 'X', 'X']]; xuli[45] = (0, 1)
th[46] = [['O', ' ', 'O'], [' ', 'X', ' '], ['X', ' ', 'X']]; xuli[46] = (0, 1)
th[47] = [['O', ' ', 'O'], [' ', 'X', ' '], ['X', 'X', ' ']]; xuli[47] = (0, 1)
th[48] = [['O', ' ', 'O'], [' ', 'X', 'X'], [' ', ' ', 'X']]; xuli[48] = (0, 1)
th[49] = [['O', ' ', 'O'], [' ', 'X', 'X'], [' ', 'X', ' ']]; xuli[49] = (0, 1)
th[50] = [['O', ' ', 'O'], [' ', 'X', 'X'], ['O', 'X', 'X']]; xuli[50] = (0, 1)
th[51] = [['O', ' ', 'O'], [' ', 'X', 'X'], ['X', ' ', ' ']]; xuli[51] = (0, 1)
th[52] = [['O', ' ', 'O'], [' ', 'X', 'X'], ['X', 'O', 'X']]; xuli[52] = (0, 1)
th[53] = [['O', ' ', 'O'], [' ', 'X', 'X'], ['X', 'X', 'O']]; xuli[53] = (0, 1)
th[54] = [['O', ' ', 'O'], ['O', 'X', 'X'], [' ', 'X', 'X']]; xuli[54] = (0, 1)
th[55] = [['O', ' ', 'O'], ['O', 'X', 'X'], ['X', ' ', 'X']]; xuli[55] = (0, 1)
th[56] = [['O', ' ', 'O'], ['O', 'X', 'X'], ['X', 'X', ' ']]; xuli[56] = (0, 1)
th[57] = [['O', ' ', 'O'], ['X', 'X', ' '], [' ', ' ', 'X']]; xuli[57] = (0, 1)
th[58] = [['O', ' ', 'O'], ['X', 'X', ' '], [' ', 'X', ' ']]; xuli[58] = (0, 1)
th[59] = [['O', ' ', 'O'], ['X', 'X', ' '], ['O', 'X', 'X']]; xuli[59] = (0, 1)
th[60] = [['O', ' ', 'O'], ['X', 'X', ' '], ['X', ' ', ' ']]; xuli[60] = (0, 1)
th[61] = [['O', ' ', 'O'], ['X', 'X', ' '], ['X', 'O', 'X']]; xuli[61] = (0, 1)
th[62] = [['O', ' ', 'O'], ['X', 'X', ' '], ['X', 'X', 'O']]; xuli[62] = (0, 1)
th[63] = [['O', ' ', 'O'], ['X', 'X', 'O'], [' ', 'X', 'X']]; xuli[63] = (0, 1)
th[64] = [['O', ' ', 'O'], ['X', 'X', 'O'], ['X', ' ', 'X']]; xuli[64] = (0, 1)
th[65] = [['O', ' ', 'O'], ['X', 'X', 'O'], ['X', 'X', ' ']]; xuli[65] = (0, 1)
th[66] = [['O', ' ', 'X'], [' ', 'X', ' '], [' ', ' ', ' ']]; xuli[66] = (2, 0)
th[67] = [['O', ' ', 'X'], [' ', 'X', ' '], [' ', 'O', 'X']]; xuli[67] = (2, 0)
th[68] = [['O', ' ', 'X'], [' ', 'X', ' '], [' ', 'X', 'O']]; xuli[68] = (2, 0)
th[69] = [['O', ' ', 'X'], [' ', 'X', ' '], ['O', ' ', 'X']]; xuli[69] = (1, 0)
th[70] = [['O', ' ', 'X'], [' ', 'X', ' '], ['O', 'X', ' ']]; xuli[70] = (1, 0)
th[71] = [['O', ' ', 'X'], [' ', 'X', 'O'], [' ', ' ', 'X']]; xuli[71] = (2, 0)
th[72] = [['O', ' ', 'X'], [' ', 'X', 'O'], [' ', 'X', ' ']]; xuli[72] = (2, 0)
th[73] = [['O', ' ', 'X'], [' ', 'X', 'O'], ['O', 'X', 'X']]; xuli[73] = (1, 0)
th[74] = [['O', ' ', 'X'], [' ', 'X', 'X'], [' ', ' ', 'O']]; xuli[74] = (2, 0)
th[75] = [['O', ' ', 'X'], [' ', 'X', 'X'], [' ', 'O', ' ']]; xuli[75] = (2, 0)
th[76] = [['O', ' ', 'X'], [' ', 'X', 'X'], ['O', ' ', ' ']]; xuli[76] = (1, 0)
th[77] = [['O', ' ', 'X'], [' ', 'X', 'X'], ['O', 'X', 'O']]; xuli[77] = (1, 0)
th[78] = [['O', ' ', 'X'], ['O', 'X', ' '], [' ', ' ', 'X']]; xuli[78] = (2, 0)
th[79] = [['O', ' ', 'X'], ['O', 'X', ' '], [' ', 'X', ' ']]; xuli[79] = (2, 0)
th[80] = [['O', ' ', 'X'], ['O', 'X', 'O'], [' ', 'X', 'X']]; xuli[80] = (2, 0)
th[81] = [['O', ' ', 'X'], ['O', 'X', 'X'], [' ', ' ', ' ']]; xuli[81] = (2, 0)
th[82] = [['O', ' ', 'X'], ['O', 'X', 'X'], [' ', 'X', 'O']]; xuli[82] = (2, 0)
th[83] = [['O', ' ', 'X'], ['X', 'X', ' '], [' ', ' ', 'O']]; xuli[83] = (1, 2)
th[84] = [['O', ' ', 'X'], ['X', 'X', ' '], [' ', 'O', ' ']]; xuli[84] = (1, 2)
th[85] = [['O', ' ', 'X'], ['X', 'X', ' '], ['O', ' ', ' ']]; xuli[85] = (1, 2)
th[86] = [['O', ' ', 'X'], ['X', 'X', ' '], ['O', 'O', 'X']]; xuli[86] = (1, 2)
th[87] = [['O', ' ', 'X'], ['X', 'X', ' '], ['O', 'X', 'O']]; xuli[87] = (1, 2)
th[88] = [['O', ' ', 'X'], ['X', 'X', 'O'], [' ', ' ', ' ']]; xuli[88] = (2, 0)
th[89] = [['O', ' ', 'X'], ['X', 'X', 'O'], [' ', 'O', 'X']]; xuli[89] = (2, 0)
th[90] = [['O', ' ', 'X'], ['X', 'X', 'O'], [' ', 'X', 'O']]; xuli[90] = (2, 0)
th[91] = [['O', ' ', 'X'], ['X', 'X', 'O'], ['O', ' ', 'X']]; xuli[91] = (2, 1)
th[92] = [['O', ' ', 'X'], ['X', 'X', 'O'], ['O', 'X', ' ']]; xuli[92] = (0, 1)
th[93] = [['O', 'O', ' '], [' ', 'X', ' '], [' ', 'X', 'X']]; xuli[93] = (0, 2)
th[94] = [['O', 'O', ' '], [' ', 'X', ' '], ['X', ' ', 'X']]; xuli[94] = (0, 2)
th[95] = [['O', 'O', ' '], [' ', 'X', ' '], ['X', 'X', ' ']]; xuli[95] = (0, 2)
th[96] = [['O', 'O', ' '], [' ', 'X', 'X'], [' ', ' ', 'X']]; xuli[96] = (0, 2)
th[97] = [['O', 'O', ' '], [' ', 'X', 'X'], [' ', 'X', ' ']]; xuli[97] = (0, 2)
th[98] = [['O', 'O', ' '], [' ', 'X', 'X'], ['O', 'X', 'X']]; xuli[98] = (0, 2)
th[99] = [['O', 'O', ' '], [' ', 'X', 'X'], ['X', ' ', ' ']]; xuli[99] = (0, 2)
th[100] = [['O', 'O', ' '], [' ', 'X', 'X'], ['X', 'O', 'X']]; xuli[100] = (0, 2)
th[101] = [['O', 'O', ' '], [' ', 'X', 'X'], ['X', 'X', 'O']]; xuli[101] = (0, 2)
th[102] = [['O', 'O', ' '], ['O', 'X', 'X'], [' ', 'X', 'X']]; xuli[102] = (0, 2)
th[103] = [['O', 'O', ' '], ['O', 'X', 'X'], ['X', ' ', 'X']]; xuli[103] = (0, 2)
th[104] = [['O', 'O', ' '], ['O', 'X', 'X'], ['X', 'X', ' ']]; xuli[104] = (0, 2)
th[105] = [['O', 'O', ' '], ['X', 'X', ' '], [' ', ' ', 'X']]; xuli[105] = (0, 2)
th[106] = [['O', 'O', ' '], ['X', 'X', ' '], [' ', 'X', ' ']]; xuli[106] = (0, 2)
th[107] = [['O', 'O', ' '], ['X', 'X', ' '], ['O', 'X', 'X']]; xuli[107] = (0, 2)
th[108] = [['O', 'O', ' '], ['X', 'X', ' '], ['X', ' ', ' ']]; xuli[108] = (0, 2)
th[109] = [['O', 'O', ' '], ['X', 'X', ' '], ['X', 'O', 'X']]; xuli[109] = (0, 2)
th[110] = [['O', 'O', ' '], ['X', 'X', ' '], ['X', 'X', 'O']]; xuli[110] = (0, 2)
th[111] = [['O', 'O', ' '], ['X', 'X', 'O'], [' ', 'X', 'X']]; xuli[111] = (0, 2)
th[112] = [['O', 'O', ' '], ['X', 'X', 'O'], ['X', ' ', 'X']]; xuli[112] = (0, 2)
th[113] = [['O', 'O', ' '], ['X', 'X', 'O'], ['X', 'X', ' ']]; xuli[113] = (0, 2)
th[114] = [['O', 'O', 'X'], [' ', 'X', ' '], [' ', ' ', 'X']]; xuli[114] = (2, 0)
th[115] = [['O', 'O', 'X'], [' ', 'X', ' '], [' ', 'X', ' ']]; xuli[115] = (2, 0)
th[116] = [['O', 'O', 'X'], [' ', 'X', ' '], ['O', 'X', 'X']]; xuli[116] = (1, 0)
th[117] = [['O', 'O', 'X'], [' ', 'X', 'O'], [' ', 'X', 'X']]; xuli[117] = (2, 0)
th[118] = [['O', 'O', 'X'], [' ', 'X', 'X'], [' ', ' ', ' ']]; xuli[118] = (2, 0)
th[119] = [['O', 'O', 'X'], [' ', 'X', 'X'], [' ', 'X', 'O']]; xuli[119] = (2, 0)
th[120] = [['O', 'O', 'X'], [' ', 'X', 'X'], ['O', 'X', ' ']]; xuli[120] = (1, 0)
th[121] = [['O', 'O', 'X'], ['O', 'X', ' '], [' ', 'X', 'X']]; xuli[121] = (2, 0)
th[122] = [['O', 'O', 'X'], ['O', 'X', 'X'], [' ', 'X', ' ']]; xuli[122] = (2, 0)
th[123] = [['O', 'O', 'X'], ['X', 'X', ' '], [' ', ' ', ' ']]; xuli[123] = (1, 2)
th[124] = [['O', 'O', 'X'], ['X', 'X', ' '], [' ', 'O', 'X']]; xuli[124] = (1, 2)
th[125] = [['O', 'O', 'X'], ['X', 'X', ' '], [' ', 'X', 'O']]; xuli[125] = (1, 2)
th[126] = [['O', 'O', 'X'], ['X', 'X', ' '], ['O', ' ', 'X']]; xuli[126] = (1, 2)
th[127] = [['O', 'O', 'X'], ['X', 'X', ' '], ['O', 'X', ' ']]; xuli[127] = (1, 2)
th[128] = [['O', 'O', 'X'], ['X', 'X', 'O'], [' ', ' ', 'X']]; xuli[128] = (2, 0)
th[129] = [['O', 'O', 'X'], ['X', 'X', 'O'], [' ', 'X', ' ']]; xuli[129] = (2, 0)
th[130] = [['O', 'X', ' '], [' ', 'X', ' '], [' ', ' ', ' ']]; xuli[130] = (2, 1)
th[131] = [['O', 'X', ' '], [' ', 'X', ' '], [' ', 'O', 'X']]; xuli[131] = (1, 2)
th[132] = [['O', 'X', ' '], [' ', 'X', ' '], ['O', ' ', 'X']]; xuli[132] = (1, 0)
th[133] = [['O', 'X', ' '], [' ', 'X', ' '], ['X', ' ', 'O']]; xuli[133] = (2, 1)
th[134] = [['O', 'X', ' '], [' ', 'X', ' '], ['X', 'O', ' ']]; xuli[134] = (0, 2)
th[135] = [['O', 'X', ' '], [' ', 'X', 'O'], [' ', ' ', 'X']]; xuli[135] = (2, 1)
th[136] = [['O', 'X', ' '], [' ', 'X', 'O'], ['X', ' ', ' ']]; xuli[136] = (0, 2)
th[137] = [['O', 'X', ' '], [' ', 'X', 'O'], ['X', 'O', 'X']]; xuli[137] = (0, 2)
th[138] = [['O', 'X', ' '], [' ', 'X', 'X'], [' ', ' ', 'O']]; xuli[138] = (2, 1)
th[139] = [['O', 'X', ' '], [' ', 'X', 'X'], [' ', 'O', ' ']]; xuli[139] = (1, 0)
th[140] = [['O', 'X', ' '], [' ', 'X', 'X'], ['O', ' ', ' ']]; xuli[140] = (1, 0)
th[141] = [['O', 'X', ' '], [' ', 'X', 'X'], ['O', 'O', 'X']]; xuli[141] = (1, 0)
th[142] = [['O', 'X', ' '], [' ', 'X', 'X'], ['X', 'O', 'O']]; xuli[142] = (0, 2)
th[143] = [['O', 'X', ' '], ['O', 'X', ' '], [' ', ' ', 'X']]; xuli[143] = (2, 0)
th[144] = [['O', 'X', ' '], ['O', 'X', ' '], ['X', ' ', ' ']]; xuli[144] = (2, 0)
th[145] = [['O', 'X', ' '], ['O', 'X', ' '], ['X', 'O', 'X']]; xuli[145] = (0, 2)
th[146] = [['O', 'X', ' '], ['O', 'X', 'O'], ['X', ' ', 'X']]; xuli[146] = (2, 1)
th[147] = [['O', 'X', ' '], ['O', 'X', 'X'], [' ', ' ', ' ']]; xuli[147] = (2, 0)
th[148] = [['O', 'X', ' '], ['O', 'X', 'X'], [' ', 'O', 'X']]; xuli[148] = (2, 0)
th[149] = [['O', 'X', ' '], ['O', 'X', 'X'], ['X', ' ', 'O']]; xuli[149] = (2, 1)
th[150] = [['O', 'X', ' '], ['O', 'X', 'X'], ['X', 'O', ' ']]; xuli[150] = (0, 2)
th[151] = [['O', 'X', ' '], ['X', 'X', ' '], [' ', ' ', 'O']]; xuli[151] = (1, 2)
th[152] = [['O', 'X', ' '], ['X', 'X', ' '], [' ', 'O', ' ']]; xuli[152] = (1, 2)
th[153] = [['O', 'X', ' '], ['X', 'X', ' '], ['O', ' ', ' ']]; xuli[153] = (1, 2)
th[154] = [['O', 'X', ' '], ['X', 'X', ' '], ['O', 'O', 'X']]; xuli[154] = (1, 2)
th[155] = [['O', 'X', ' '], ['X', 'X', ' '], ['X', 'O', 'O']]; xuli[155] = (1, 2)
th[156] = [['O', 'X', ' '], ['X', 'X', 'O'], [' ', ' ', ' ']]; xuli[156] = (2, 1)
th[157] = [['O', 'X', ' '], ['X', 'X', 'O'], [' ', 'O', 'X']]; xuli[157] = (0, 2)
th[158] = [['O', 'X', ' '], ['X', 'X', 'O'], ['O', ' ', 'X']]; xuli[158] = (2, 1)
th[159] = [['O', 'X', ' '], ['X', 'X', 'O'], ['X', ' ', 'O']]; xuli[159] = (0, 2)
th[160] = [['O', 'X', ' '], ['X', 'X', 'O'], ['X', 'O', ' ']]; xuli[160] = (0, 2)
th[161] = [['O', 'X', 'O'], [' ', 'X', ' '], [' ', ' ', 'X']]; xuli[161] = (2, 1)
th[162] = [['O', 'X', 'O'], [' ', 'X', ' '], ['X', ' ', ' ']]; xuli[162] = (2, 1)
th[163] = [['O', 'X', 'O'], [' ', 'X', ' '], ['X', 'O', 'X']]; xuli[163] = (1, 2)
th[164] = [['O', 'X', 'O'], [' ', 'X', 'O'], ['X', ' ', 'X']]; xuli[164] = (2, 1)
th[165] = [['O', 'X', 'O'], [' ', 'X', 'X'], [' ', ' ', ' ']]; xuli[165] = (1, 0)
th[166] = [['O', 'X', 'O'], [' ', 'X', 'X'], [' ', 'O', 'X']]; xuli[166] = (1, 0)
th[167] = [['O', 'X', 'O'], [' ', 'X', 'X'], ['O', ' ', 'X']]; xuli[167] = (1, 0)
th[168] = [['O', 'X', 'O'], [' ', 'X', 'X'], ['X', ' ', 'O']]; xuli[168] = (1, 0)
th[169] = [['O', 'X', 'O'], [' ', 'X', 'X'], ['X', 'O', ' ']]; xuli[169] = (1, 0)
th[170] = [['O', 'X', 'O'], ['O', 'X', ' '], ['X', ' ', 'X']]; xuli[170] = (2, 1)
th[171] = [['O', 'X', 'O'], ['O', 'X', 'X'], [' ', ' ', 'X']]; xuli[171] = (2, 0)
th[172] = [['O', 'X', 'O'], ['O', 'X', 'X'], ['X', ' ', ' ']]; xuli[172] = (2, 1)
th[173] = [['O', 'X', 'O'], ['X', 'X', ' '], [' ', ' ', ' ']]; xuli[173] = (1, 2)
th[174] = [['O', 'X', 'O'], ['X', 'X', ' '], [' ', 'O', 'X']]; xuli[174] = (1, 2)
th[175] = [['O', 'X', 'O'], ['X', 'X', ' '], ['O', ' ', 'X']]; xuli[175] = (1, 2)
th[176] = [['O', 'X', 'O'], ['X', 'X', ' '], ['X', ' ', 'O']]; xuli[176] = (1, 2)
th[177] = [['O', 'X', 'O'], ['X', 'X', ' '], ['X', 'O', ' ']]; xuli[177] = (1, 2)
th[178] = [['O', 'X', 'O'], ['X', 'X', 'O'], [' ', ' ', 'X']]; xuli[178] = (2, 1)
th[179] = [['O', 'X', 'O'], ['X', 'X', 'O'], ['X', ' ', ' ']]; xuli[179] = (2, 2)
th[180] = [['O', 'X', 'X'], [' ', 'X', ' '], [' ', ' ', 'O']]; xuli[180] = (2, 1)
th[181] = [['O', 'X', 'X'], [' ', 'X', ' '], [' ', 'O', ' ']]; xuli[181] = (2, 0)
th[182] = [['O', 'X', 'X'], [' ', 'X', ' '], ['O', ' ', ' ']]; xuli[182] = (2, 1)
th[183] = [['O', 'X', 'X'], [' ', 'X', ' '], ['O', 'O', 'X']]; xuli[183] = (1, 2)
th[184] = [['O', 'X', 'X'], [' ', 'X', 'O'], [' ', ' ', ' ']]; xuli[184] = (2, 0)
th[185] = [['O', 'X', 'X'], [' ', 'X', 'O'], [' ', 'O', 'X']]; xuli[185] = (2, 0)
th[186] = [['O', 'X', 'X'], [' ', 'X', 'O'], ['O', ' ', 'X']]; xuli[186] = (1, 0)
th[187] = [['O', 'X', 'X'], [' ', 'X', 'X'], [' ', 'O', 'O']]; xuli[187] = (2, 0)
th[188] = [['O', 'X', 'X'], [' ', 'X', 'X'], ['O', ' ', 'O']]; xuli[188] = (1, 0)
th[189] = [['O', 'X', 'X'], [' ', 'X', 'X'], ['O', 'O', ' ']]; xuli[189] = (1, 0)
th[190] = [['O', 'X', 'X'], ['O', 'X', ' '], [' ', ' ', ' ']]; xuli[190] = (2, 0)
th[191] = [['O', 'X', 'X'], ['O', 'X', ' '], [' ', 'O', 'X']]; xuli[191] = (2, 0)
th[192] = [['O', 'X', 'X'], ['O', 'X', 'O'], [' ', ' ', 'X']]; xuli[192] = (2, 0)
th[193] = [['O', 'X', 'X'], ['O', 'X', 'X'], [' ', ' ', 'O']]; xuli[193] = (2, 0)
th[194] = [['O', 'X', 'X'], ['O', 'X', 'X'], [' ', 'O', ' ']]; xuli[194] = (2, 0)
th[195] = [['O', 'X', 'X'], ['X', 'X', ' '], [' ', 'O', 'O']]; xuli[195] = (2, 0)
th[196] = [['O', 'X', 'X'], ['X', 'X', ' '], ['O', ' ', 'O']]; xuli[196] = (2, 1)
th[197] = [['O', 'X', 'X'], ['X', 'X', ' '], ['O', 'O', ' ']]; xuli[197] = (2, 2)
th[198] = [['O', 'X', 'X'], ['X', 'X', 'O'], [' ', ' ', 'O']]; xuli[198] = (2, 1)
th[199] = [['O', 'X', 'X'], ['X', 'X', 'O'], [' ', 'O', ' ']]; xuli[199] = (2, 0)
th[200] = [['O', 'X', 'X'], ['X', 'X', 'O'], ['O', ' ', ' ']]; xuli[200] = (2, 1)
th[201] = [['X', ' ', ' '], [' ', ' ', ' '], [' ', ' ', ' ']]; xuli[201 ] = (1, 1)
th[202] = [['X', ' ', ' '], [' ', 'O', ' '], [' ', ' ', 'X']]; xuli[202] = (0, 1)
th[203] = [['X', ' ', ' '], [' ', 'O', ' '], [' ', 'X', ' ']]; xuli[203] = (1, 2)
th[204] = [['X', ' ', ' '], [' ', 'O', ' '], ['O', 'X', 'X']]; xuli[204] = (0, 2)
th[205] = [['X', ' ', ' '], [' ', 'O', ' '], ['X', ' ', ' ']]; xuli[205] = (1, 0)
th[206] = [['X', ' ', ' '], [' ', 'O', ' '], ['X', 'O', 'X']]; xuli[206] = (0, 1)
th[207] = [['X', ' ', ' '], [' ', 'O', ' '], ['X', 'X', 'O']]; xuli[207] = (1, 0)
th[208] = [['X', ' ', ' '], [' ', 'O', 'O'], [' ', 'X', 'X']]; xuli[208] = (1, 0)
th[209] = [['X', ' ', ' '], [' ', 'O', 'O'], ['X', ' ', 'X']]; xuli[209] = (1, 0)
th[210] = [['X', ' ', ' '], [' ', 'O', 'O'], ['X', 'X', ' ']]; xuli[210] = (1, 0)
th[211] = [['X', ' ', ' '], [' ', 'O', 'X'], [' ', ' ', ' ']]; xuli[211] = (2, 1)
th[212] = [['X', ' ', ' '], [' ', 'O', 'X'], [' ', 'O', 'X']]; xuli[212] = (0, 1)
th[213] = [['X', ' ', ' '], [' ', 'O', 'X'], [' ', 'X', 'O']]; xuli[213] = (0, 2)
th[214] = [['X', ' ', ' '], [' ', 'O', 'X'], ['O', ' ', 'X']]; xuli[214] = (0, 2)
th[215] = [['X', ' ', ' '], [' ', 'O', 'X'], ['O', 'X', ' ']]; xuli[215] = (0, 2)
th[216] = [['X', ' ', ' '], [' ', 'O', 'X'], ['X', ' ', 'O']]; xuli[216] = (1, 0)
th[217] = [['X', ' ', ' '], [' ', 'O', 'X'], ['X', 'O', ' ']]; xuli[217] = (0, 1)
th[218] = [['X', ' ', ' '], ['O', 'O', ' '], [' ', 'X', 'X']]; xuli[218] = (1, 2)
th[219] = [['X', ' ', ' '], ['O', 'O', ' '], ['X', ' ', 'X']]; xuli[219] = (1, 2)
th[220] = [['X', ' ', ' '], ['O', 'O', ' '], ['X', 'X', ' ']]; xuli[220] = (1, 2)
th[221] = [['X', ' ', ' '], ['O', 'O', 'X'], [' ', ' ', 'X']]; xuli[221] = (0, 2)
th[222] = [['X', ' ', ' '], ['O', 'O', 'X'], [' ', 'X', ' ']]; xuli[222] = (0, 2)
th[223] = [['X', ' ', ' '], ['O', 'O', 'X'], ['O', 'X', 'X']]; xuli[223] = (0, 2)
th[224] = [['X', ' ', ' '], ['O', 'O', 'X'], ['X', ' ', ' ']]; xuli[224] = (0, 2)
th[225] = [['X', ' ', ' '], ['O', 'O', 'X'], ['X', 'O', 'X']]; xuli[225] = (0, 1)
th[226] = [['X', ' ', ' '], ['O', 'O', 'X'], ['X', 'X', 'O']]; xuli[226] = (0, 1)
th[227] = [['X', ' ', ' '], ['X', 'O', ' '], [' ', ' ', ' ']]; xuli[227] = (2, 0)
th[228] = [['X', ' ', ' '], ['X', 'O', ' '], [' ', 'O', 'X']]; xuli[228] = (0, 1)
th[229] = [['X', ' ', ' '], ['X', 'O', ' '], [' ', 'X', 'O']]; xuli[229] = (2, 0)
th[230] = [['X', ' ', ' '], ['X', 'O', ' '], ['O', ' ', 'X']]; xuli[230] = (0, 2)
th[231] = [['X', ' ', ' '], ['X', 'O', ' '], ['O', 'X', ' ']]; xuli[231] = (0, 2)
th[232] = [['X', ' ', ' '], ['X', 'O', 'O'], [' ', ' ', 'X']]; xuli[232] = (2, 0)
th[233] = [['X', ' ', ' '], ['X', 'O', 'O'], [' ', 'X', ' ']]; xuli[233] = (2, 0)
th[234] = [['X', ' ', ' '], ['X', 'O', 'O'], ['O', 'X', 'X']]; xuli[234] = (0, 2)
th[235] = [['X', ' ', ' '], ['X', 'O', 'X'], [' ', ' ', 'O']]; xuli[235] = (2, 0)
th[236] = [['X', ' ', ' '], ['X', 'O', 'X'], [' ', 'O', ' ']]; xuli[236] = (0, 1)
th[237] = [['X', ' ', ' '], ['X', 'O', 'X'], ['O', ' ', ' ']]; xuli[237] = (0, 2)
th[238] = [['X', ' ', ' '], ['X', 'O', 'X'], ['O', 'O', 'X']]; xuli[238] = (0, 2)
th[239] = [['X', ' ', ' '], ['X', 'O', 'X'], ['O', 'X', 'O']]; xuli[239] = (0, 2)
th[240] = [['X', ' ', 'O'], [' ', 'O', ' '], [' ', 'X', 'X']]; xuli[240] = (2, 0)
th[241] = [['X', ' ', 'O'], [' ', 'O', ' '], ['X', ' ', 'X']]; xuli[241] = (2, 1)
th[242] = [['X', ' ', 'O'], [' ', 'O', ' '], ['X', 'X', ' ']]; xuli[242] = (2, 2)
th[243] = [['X', ' ', 'O'], [' ', 'O', 'X'], [' ', ' ', 'X']]; xuli[243] = (2, 0)
th[244] = [['X', ' ', 'O'], [' ', 'O', 'X'], [' ', 'X', ' ']]; xuli[244] = (2, 0)
th[245] = [['X', ' ', 'O'], [' ', 'O', 'X'], ['X', ' ', ' ']]; xuli[245] = (1, 0)
th[246] = [['X', ' ', 'O'], [' ', 'O', 'X'], ['X', 'O', 'X']]; xuli[246] = (1, 0)
th[247] = [['X', ' ', 'O'], [' ', 'O', 'X'], ['X', 'X', 'O']]; xuli[247] = (1, 0)
th[248] = [['X', ' ', 'O'], ['O', 'O', 'X'], [' ', 'X', 'X']]; xuli[248] = (2, 0)
th[249] = [['X', ' ', 'O'], ['O', 'O', 'X'], ['X', ' ', 'X']]; xuli[249] = (2, 1)
th[250] = [['X', ' ', 'O'], ['O', 'O', 'X'], ['X', 'X', ' ']]; xuli[250] = (2, 2)
th[251] = [['X', ' ', 'O'], ['X', 'O', ' '], [' ', ' ', 'X']]; xuli[251] = (2, 0)
th[252] = [['X', ' ', 'O'], ['X', 'O', ' '], [' ', 'X', ' ']]; xuli[252] = (2, 0)
th[253] = [['X', ' ', 'O'], ['X', 'O', 'O'], [' ', 'X', 'X']]; xuli[253] = (2, 0)
th[254] = [['X', ' ', 'O'], ['X', 'O', 'X'], [' ', ' ', ' ']]; xuli[254] = (2, 0)
th[255] = [['X', ' ', 'O'], ['X', 'O', 'X'], [' ', 'O', 'X']]; xuli[255] = (2, 0)
th[256] = [['X', ' ', 'O'], ['X', 'O', 'X'], [' ', 'X', 'O']]; xuli[256] = (2, 0)
th[257] = [['X', ' ', 'X'], [' ', 'O', ' '], [' ', ' ', ' ']]; xuli[257] = (0, 1)
th[258] = [['X', ' ', 'X'], [' ', 'O', ' '], [' ', 'O', 'X']]; xuli[258] = (0, 1)
th[259] = [['X', ' ', 'X'], [' ', 'O', ' '], [' ', 'X', 'O']]; xuli[259] = (0, 1)
th[260] = [['X', ' ', 'X'], [' ', 'O', ' '], ['O', ' ', 'X']]; xuli[260] = (0, 1)
th[261] = [['X', ' ', 'X'], [' ', 'O', ' '], ['O', 'X', ' ']]; xuli[261] = (0, 1)
th[262] = [['X', ' ', 'X'], [' ', 'O', ' '], ['X', ' ', 'O']]; xuli[262] = (0, 1)
th[263] = [['X', ' ', 'X'], [' ', 'O', ' '], ['X', 'O', ' ']]; xuli[263] = (0, 1)
th[264] = [['X', ' ', 'X'], [' ', 'O', 'O'], [' ', ' ', 'X']]; xuli[264] = (1, 0)
th[265] = [['X', ' ', 'X'], [' ', 'O', 'O'], [' ', 'X', ' ']]; xuli[265] = (1, 0)
th[266] = [['X', ' ', 'X'], [' ', 'O', 'O'], ['O', 'X', 'X']]; xuli[266] = (1, 0)
th[267] = [['X', ' ', 'X'], [' ', 'O', 'O'], ['X', ' ', ' ']]; xuli[267] = (1, 0)
th[268] = [['X', ' ', 'X'], [' ', 'O', 'O'], ['X', 'O', 'X']]; xuli[268] = (1, 0)
th[269] = [['X', ' ', 'X'], [' ', 'O', 'O'], ['X', 'X', 'O']]; xuli[269] = (1, 0)
th[270] = [['X', ' ', 'X'], [' ', 'O', 'X'], [' ', ' ', 'O']]; xuli[270] = (0, 1)
th[271] = [['X', ' ', 'X'], [' ', 'O', 'X'], [' ', 'O', ' ']]; xuli[271] = (0, 1)
th[272] = [['X', ' ', 'X'], [' ', 'O', 'X'], ['O', ' ', ' ']]; xuli[272] = (0, 1)
th[273] = [['X', ' ', 'X'], [' ', 'O', 'X'], ['O', 'X', 'O']]; xuli[273] = (0, 1)
th[274] = [['X', ' ', 'X'], [' ', 'O', 'X'], ['X', 'O', 'O']]; xuli[274] = (0, 1)
th[275] = [['X', ' ', 'X'], ['O', 'O', ' '], [' ', ' ', 'X']]; xuli[275] = (1, 2)
th[276] = [['X', ' ', 'X'], ['O', 'O', ' '], [' ', 'X', ' ']]; xuli[276] = (1, 2)
th[277] = [['X', ' ', 'X'], ['O', 'O', ' '], ['O', 'X', 'X']]; xuli[277] = (1, 2)
th[278] = [['X', ' ', 'X'], ['O', 'O', ' '], ['X', ' ', ' ']]; xuli[278] = (1, 2)
th[279] = [['X', ' ', 'X'], ['O', 'O', ' '], ['X', 'O', 'X']]; xuli[279] = (1, 2)
th[280] = [['X', ' ', 'X'], ['O', 'O', ' '], ['X', 'X', 'O']]; xuli[280] = (1, 2)
th[281] = [['X', ' ', 'X'], ['O', 'O', 'X'], [' ', ' ', ' ']]; xuli[281] = (0, 1)
th[282] = [['X', ' ', 'X'], ['O', 'O', 'X'], [' ', 'X', 'O']]; xuli[282] = (0, 1)
th[283] = [['X', ' ', 'X'], ['O', 'O', 'X'], ['O', 'X', ' ']]; xuli[283] = (0, 1)
th[284] = [['X', ' ', 'X'], ['O', 'O', 'X'], ['X', ' ', 'O']]; xuli[284] = (0, 1)
th[285] = [['X', ' ', 'X'], ['O', 'O', 'X'], ['X', 'O', ' ']]; xuli[285] = (0, 1)
th[286] = [['X', ' ', 'X'], ['X', 'O', ' '], [' ', ' ', 'O']]; xuli[286] = (0, 1)
th[287] = [['X', ' ', 'X'], ['X', 'O', ' '], [' ', 'O', ' ']]; xuli[287] = (0, 1)
th[288] = [['X', ' ', 'X'], ['X', 'O', ' '], ['O', ' ', ' ']]; xuli[288] = (0, 1)
th[289] = [['X', ' ', 'X'], ['X', 'O', ' '], ['O', 'O', 'X']]; xuli[289] = (0, 1)
th[290] = [['X', ' ', 'X'], ['X', 'O', ' '], ['O', 'X', 'O']]; xuli[290] = (0, 1)
th[291] = [['X', ' ', 'X'], ['X', 'O', 'O'], [' ', ' ', ' ']]; xuli[291] = (0, 1)
th[292] = [['X', ' ', 'X'], ['X', 'O', 'O'], [' ', 'O', 'X']]; xuli[292] = (0, 1)
th[293] = [['X', ' ', 'X'], ['X', 'O', 'O'], [' ', 'X', 'O']]; xuli[293] = (0, 1)
th[294] = [['X', ' ', 'X'], ['X', 'O', 'O'], ['O', ' ', 'X']]; xuli[294] = (0, 1)
th[295] = [['X', ' ', 'X'], ['X', 'O', 'O'], ['O', 'X', ' ']]; xuli[295] = (0, 1)
th[296] = [['X', ' ', 'X'], ['X', 'O', 'X'], [' ', 'O', 'O']]; xuli[296] = (0, 1)
th[297] = [['X', ' ', 'X'], ['X', 'O', 'X'], ['O', ' ', 'O']]; xuli[297] = (2, 1)
th[298] = [['X', ' ', 'X'], ['X', 'O', 'X'], ['O', 'O', ' ']]; xuli[298] = (0, 1)
th[299] = [['X', 'O', ' '], [' ', 'O', ' '], [' ', 'X', 'X']]; xuli[299] = (2, 0)
th[300] = [['X', 'O', ' '], [' ', 'O', ' '], ['X', ' ', 'X']]; xuli[300] = (2, 1)
th[301] = [['X', 'O', ' '], [' ', 'O', ' '], ['X', 'X', ' ']]; xuli[301] = (2, 2)
th[302] = [['X', 'O', ' '], [' ', 'O', 'X'], [' ', ' ', 'X']]; xuli[302] = (2, 1)
th[303] = [['X', 'O', ' '], [' ', 'O', 'X'], [' ', 'X', ' ']]; xuli[303] = (2, 0)
th[304] = [['X', 'O', ' '], [' ', 'O', 'X'], ['O', 'X', 'X']]; xuli[304] = (0, 2)
th[305] = [['X', 'O', ' '], [' ', 'O', 'X'], ['X', ' ', ' ']]; xuli[305] = (2, 1)
th[306] = [['X', 'O', ' '], [' ', 'O', 'X'], ['X', 'X', 'O']]; xuli[306] = (1, 0)
th[307] = [['X', 'O', ' '], ['O', 'O', 'X'], [' ', 'X', 'X']]; xuli[307] = (2, 0)
th[308] = [['X', 'O', ' '], ['O', 'O', 'X'], ['X', ' ', 'X']]; xuli[308] = (2, 1)
th[309] = [['X', 'O', ' '], ['O', 'O', 'X'], ['X', 'X', ' ']]; xuli[309] = (2, 2)
th[310] = [['X', 'O', ' '], ['X', 'O', ' '], [' ', ' ', 'X']]; xuli[310] = (2, 1)
th[311] = [['X', 'O', ' '], ['X', 'O', ' '], [' ', 'X', ' ']]; xuli[311] = (2, 0)
th[312] = [['X', 'O', ' '], ['X', 'O', ' '], ['O', 'X', 'X']]; xuli[312] = (0, 2)
th[313] = [['X', 'O', ' '], ['X', 'O', 'O'], [' ', 'X', 'X']]; xuli[313] = (2, 0)
th[314] = [['X', 'O', ' '], ['X', 'O', 'X'], [' ', ' ', ' ']]; xuli[314] = (2, 1)
th[315] = [['X', 'O', ' '], ['X', 'O', 'X'], [' ', 'X', 'O']]; xuli[315] = (2, 0)
th[316] = [['X', 'O', ' '], ['X', 'O', 'X'], ['O', ' ', 'X']]; xuli[316] = (2, 1)
th[317] = [['X', 'O', ' '], ['X', 'O', 'X'], ['O', 'X', ' ']]; xuli[317] = (0, 2)
th[318] = [['X', 'O', 'O'], [' ', 'O', 'X'], [' ', 'X', 'X']]; xuli[318] = (2, 0)
th[319] = [['X', 'O', 'O'], [' ', 'O', 'X'], ['X', ' ', 'X']]; xuli[319] = (2, 1)
th[320] = [['X', 'O', 'O'], [' ', 'O', 'X'], ['X', 'X', ' ']]; xuli[320] = (2, 2)
th[321] = [['X', 'O', 'O'], ['X', 'O', ' '], [' ', 'X', 'X']]; xuli[321] = (2, 0)
th[322] = [['X', 'O', 'O'], ['X', 'O', 'X'], [' ', ' ', 'X']]; xuli[322] = (2, 0)
th[323] = [['X', 'O', 'O'], ['X', 'O', 'X'], [' ', 'X', ' ']]; xuli[323] = (2, 0)
th[324] = [['X', 'O', 'X'], [' ', 'O', ' '], [' ', ' ', 'X']]; xuli[324] = (2, 1)
th[325] = [['X', 'O', 'X'], [' ', 'O', ' '], [' ', 'X', ' ']]; xuli[325] = (2, 0)
th[326] = [['X', 'O', 'X'], [' ', 'O', ' '], ['O', 'X', 'X']]; xuli[326] = (1, 2)
th[327] = [['X', 'O', 'X'], [' ', 'O', ' '], ['X', ' ', ' ']]; xuli[327] = (1, 0)
th[328] = [['X', 'O', 'X'], [' ', 'O', ' '], ['X', 'X', 'O']]; xuli[328] = (1, 0)
th[329] = [['X', 'O', 'X'], [' ', 'O', 'O'], [' ', 'X', 'X']]; xuli[329] = (1, 0)
th[330] = [['X', 'O', 'X'], [' ', 'O', 'O'], ['X', ' ', 'X']]; xuli[330] = (1, 0)
th[331] = [['X', 'O', 'X'], [' ', 'O', 'O'], ['X', 'X', ' ']]; xuli[331] = (1, 0)
th[332] = [['X', 'O', 'X'], [' ', 'O', 'X'], [' ', ' ', ' ']]; xuli[332] = (2, 1)
th[333] = [['X', 'O', 'X'], [' ', 'O', 'X'], [' ', 'X', 'O']]; xuli[333] = (1, 0)
th[334] = [['X', 'O', 'X'], [' ', 'O', 'X'], ['O', 'X', ' ']]; xuli[334] = (2, 2)
th[335] = [['X', 'O', 'X'], [' ', 'O', 'X'], ['X', ' ', 'O']]; xuli[335] = (2, 1)
th[336] = [['X', 'O', 'X'], ['O', 'O', ' '], [' ', 'X', 'X']]; xuli[336] = (1, 2)
th[337] = [['X', 'O', 'X'], ['O', 'O', ' '], ['X', ' ', 'X']]; xuli[337] = (1, 2)
th[338] = [['X', 'O', 'X'], ['O', 'O', ' '], ['X', 'X', ' ']]; xuli[338] = (1, 2)
th[339] = [['X', 'O', 'X'], ['O', 'O', 'X'], [' ', 'X', ' ']]; xuli[339] = (2, 2)
th[340] = [['X', 'O', 'X'], ['O', 'O', 'X'], ['X', ' ', ' ']]; xuli[340] = (2, 1)
th[341] = [['X', 'O', 'X'], ['X', 'O', ' '], [' ', ' ', ' ']]; xuli[341] = (2, 1)
th[342] = [['X', 'O', 'X'], ['X', 'O', ' '], [' ', 'X', 'O']]; xuli[342] = (2, 0)
th[343] = [['X', 'O', 'X'], ['X', 'O', ' '], ['O', ' ', 'X']]; xuli[343] = (2, 1)
th[344] = [['X', 'O', 'X'], ['X', 'O', ' '], ['O', 'X', ' ']]; xuli[344] = (1, 2)
th[345] = [['X', 'O', 'X'], ['X', 'O', 'O'], [' ', ' ', 'X']]; xuli[345] = (2, 1)
th[346] = [['X', 'O', 'X'], ['X', 'O', 'O'], [' ', 'X', ' ']]; xuli[346] = (2, 0)
th[347] = [['X', 'O', 'X'], ['X', 'O', 'X'], [' ', ' ', 'O']]; xuli[347] = (2, 1)
th[348] = [['X', 'O', 'X'], ['X', 'O', 'X'], ['O', ' ', ' ']]; xuli[348] = (2, 1)
th[349] = [['X', 'X', ' '], [' ', 'O', ' '], [' ', ' ', ' ']]; xuli[349] = (0, 2)
th[350] = [['X', 'X', ' '], [' ', 'O', ' '], [' ', 'O', 'X']]; xuli[350] = (0, 2)
th[351] = [['X', 'X', ' '], [' ', 'O', ' '], [' ', 'X', 'O']]; xuli[351] = (0, 2)
th[352] = [['X', 'X', ' '], [' ', 'O', ' '], ['O', ' ', 'X']]; xuli[352] = (0, 2)
th[353] = [['X', 'X', ' '], [' ', 'O', ' '], ['O', 'X', ' ']]; xuli[353] = (0, 2)
th[354] = [['X', 'X', ' '], [' ', 'O', ' '], ['X', ' ', 'O']]; xuli[354] = (0, 2)
th[355] = [['X', 'X', ' '], [' ', 'O', ' '], ['X', 'O', ' ']]; xuli[355] = (0, 2)
th[356] = [['X', 'X', ' '], [' ', 'O', 'O'], [' ', ' ', 'X']]; xuli[356] = (1, 0)
th[357] = [['X', 'X', ' '], [' ', 'O', 'O'], [' ', 'X', ' ']]; xuli[357] = (1, 0)
th[358] = [['X', 'X', ' '], [' ', 'O', 'O'], ['O', 'X', 'X']]; xuli[358] = (1, 0)
th[359] = [['X', 'X', ' '], [' ', 'O', 'O'], ['X', ' ', ' ']]; xuli[359] = (1, 0)
th[360] = [['X', 'X', ' '], [' ', 'O', 'O'], ['X', 'O', 'X']]; xuli[360] = (1, 0)
th[361] = [['X', 'X', ' '], [' ', 'O', 'O'], ['X', 'X', 'O']]; xuli[361] = (1, 0)
th[362] = [['X', 'X', ' '], [' ', 'O', 'X'], [' ', ' ', 'O']]; xuli[362] = (0, 2)
th[363] = [['X', 'X', ' '], [' ', 'O', 'X'], [' ', 'O', ' ']]; xuli[363] = (0, 2)
th[364] = [['X', 'X', ' '], [' ', 'O', 'X'], ['O', ' ', ' ']]; xuli[364] = (0, 2)
th[365] = [['X', 'X', ' '], [' ', 'O', 'X'], ['O', 'O', 'X']]; xuli[365] = (0, 2)
th[366] = [['X', 'X', ' '], [' ', 'O', 'X'], ['O', 'X', 'O']]; xuli[366] = (0, 2)
th[367] = [['X', 'X', ' '], [' ', 'O', 'X'], ['X', 'O', 'O']]; xuli[367] = (0, 2)
th[368] = [['X', 'X', ' '], ['O', 'O', ' '], [' ', ' ', 'X']]; xuli[368] = (1, 2)
th[369] = [['X', 'X', ' '], ['O', 'O', ' '], [' ', 'X', ' ']]; xuli[369] = (1, 2)
th[370] = [['X', 'X', ' '], ['O', 'O', ' '], ['O', 'X', 'X']]; xuli[370] = (1, 2)
th[371] = [['X', 'X', ' '], ['O', 'O', ' '], ['X', ' ', ' ']]; xuli[371] = (1, 2)
th[372] = [['X', 'X', ' '], ['O', 'O', ' '], ['X', 'O', 'X']]; xuli[372] = (1, 2)
th[373] = [['X', 'X', ' '], ['O', 'O', ' '], ['X', 'X', 'O']]; xuli[373] = (1, 2)
th[374] = [['X', 'X', ' '], ['O', 'O', 'X'], [' ', ' ', ' ']]; xuli[374] = (0, 2)
th[375] = [['X', 'X', ' '], ['O', 'O', 'X'], [' ', 'O', 'X']]; xuli[375] = (0, 2)
th[376] = [['X', 'X', ' '], ['O', 'O', 'X'], [' ', 'X', 'O']]; xuli[376] = (0, 2)
th[377] = [['X', 'X', ' '], ['O', 'O', 'X'], ['O', ' ', 'X']]; xuli[377] = (0, 2)
th[378] = [['X', 'X', ' '], ['O', 'O', 'X'], ['O', 'X', ' ']]; xuli[378] = (0, 2)
th[379] = [['X', 'X', ' '], ['O', 'O', 'X'], ['X', ' ', 'O']]; xuli[379] = (0, 2)
th[380] = [['X', 'X', ' '], ['O', 'O', 'X'], ['X', 'O', ' ']]; xuli[380] = (0, 2)
th[381] = [['X', 'X', ' '], ['X', 'O', ' '], [' ', ' ', 'O']]; xuli[381] = (0, 2)
th[382] = [['X', 'X', ' '], ['X', 'O', ' '], [' ', 'O', ' ']]; xuli[382] = (0, 2)
th[383] = [['X', 'X', ' '], ['X', 'O', ' '], ['O', ' ', ' ']]; xuli[383] = (0, 2)
th[384] = [['X', 'X', ' '], ['X', 'O', ' '], ['O', 'O', 'X']]; xuli[384] = (0, 2)
th[385] = [['X', 'X', ' '], ['X', 'O', ' '], ['O', 'X', 'O']]; xuli[385] = (0, 2)
th[386] = [['X', 'X', ' '], ['X', 'O', 'O'], [' ', ' ', ' ']]; xuli[386] = (0, 2)
th[387] = [['X', 'X', ' '], ['X', 'O', 'O'], [' ', 'O', 'X']]; xuli[387] = (0, 2)
th[388] = [['X', 'X', ' '], ['X', 'O', 'O'], [' ', 'X', 'O']]; xuli[388] = (0, 2)
th[389] = [['X', 'X', ' '], ['X', 'O', 'O'], ['O', ' ', 'X']]; xuli[389] = (0, 2)
th[390] = [['X', 'X', ' '], ['X', 'O', 'O'], ['O', 'X', ' ']]; xuli[390] = (0, 2)
th[391] = [['X', 'X', ' '], ['X', 'O', 'X'], [' ', 'O', 'O']]; xuli[391] = (2, 0)
th[392] = [['X', 'X', ' '], ['X', 'O', 'X'], ['O', ' ', 'O']]; xuli[392] = (2, 1)
th[393] = [['X', 'X', ' '], ['X', 'O', 'X'], ['O', 'O', ' ']]; xuli[393] = (2, 2)
th[394] = [['X', 'X', 'O'], [' ', 'O', ' '], [' ', ' ', 'X']]; xuli[394] = (2, 0)
th[395] = [['X', 'X', 'O'], [' ', 'O', ' '], [' ', 'X', ' ']]; xuli[395] = (2, 0)
th[396] = [['X', 'X', 'O'], [' ', 'O', ' '], ['X', ' ', ' ']]; xuli[396] = (1, 0)
th[397] = [['X', 'X', 'O'], [' ', 'O', ' '], ['X', 'O', 'X']]; xuli[397] = (1, 0)
th[398] = [['X', 'X', 'O'], [' ', 'O', ' '], ['X', 'X', 'O']]; xuli[398] = (1, 2)
th[399] = [['X', 'X', 'O'], [' ', 'O', 'O'], [' ', 'X', 'X']]; xuli[399] = (1, 0)
th[400] = [['X', 'X', 'O'], [' ', 'O', 'O'], ['X', ' ', 'X']]; xuli[400] = (1, 0)
th[401] = [['X', 'X', 'O'], [' ', 'O', 'O'], ['X', 'X', ' ']]; xuli[401] = (1, 0)
th[402] = [['X', 'X', 'O'], [' ', 'O', 'X'], [' ', ' ', ' ']]; xuli[402] = (2, 0)
th[403] = [['X', 'X', 'O'], [' ', 'O', 'X'], [' ', 'O', 'X']]; xuli[403] = (2, 0)
th[404] = [['X', 'X', 'O'], [' ', 'O', 'X'], [' ', 'X', 'O']]; xuli[404] = (2, 0)
th[405] = [['X', 'X', 'O'], [' ', 'O', 'X'], ['X', ' ', 'O']]; xuli[405] = (1, 0)
th[406] = [['X', 'X', 'O'], [' ', 'O', 'X'], ['X', 'O', ' ']]; xuli[406] = (1, 0)
th[407] = [['X', 'X', 'O'], ['O', 'O', ' '], [' ', 'X', 'X']]; xuli[407] = (1, 2)
th[408] = [['X', 'X', 'O'], ['O', 'O', ' '], ['X', ' ', 'X']]; xuli[408] = (1, 2)
th[409] = [['X', 'X', 'O'], ['O', 'O', ' '], ['X', 'X', ' ']]; xuli[409] = (1, 2)
th[410] = [['X', 'X', 'O'], ['O', 'O', 'X'], [' ', ' ', 'X']]; xuli[410] = (2, 0)
th[411] = [['X', 'X', 'O'], ['O', 'O', 'X'], [' ', 'X', ' ']]; xuli[411] = (2, 0)
th[412] = [['X', 'X', 'O'], ['O', 'O', 'X'], ['X', ' ', ' ']]; xuli[412] = (2, 1)
th[413] = [['X', 'X', 'O'], ['X', 'O', ' '], [' ', ' ', ' ']]; xuli[413] = (2, 0)
th[414] = [['X', 'X', 'O'], ['X', 'O', ' '], [' ', 'O', 'X']]; xuli[414] = (2, 0)
th[415] = [['X', 'X', 'O'], ['X', 'O', ' '], [' ', 'X', 'O']]; xuli[415] = (2, 0)
th[416] = [['X', 'X', 'O'], ['X', 'O', 'O'], [' ', ' ', 'X']]; xuli[416] = (2, 0)
th[417] = [['X', 'X', 'O'], ['X', 'O', 'O'], [' ', 'X', ' ']]; xuli[417] = (2, 0)
th[418] = [['X', 'X', 'O'], ['X', 'O', 'X'], [' ', ' ', 'O']]; xuli[418] = (2, 0)
th[419] = [['X', 'X', 'O'], ['X', 'O', 'X'], [' ', 'O', ' ']]; xuli[419] = (2, 0)
th[421] = [[' ', ' ', ' '], [' ', 'O', ' '], [' ', 'X', 'X']]; xuli[421] = (2, 0)
th[422] = [[' ', ' ', ' '], [' ', 'O', ' '], ['X', ' ', 'X']]; xuli[422] = (2, 1)
th[423] = [[' ', ' ', ' '], [' ', 'O', ' '], ['X', 'X', ' ']]; xuli[423] = (2, 2)
th[424] = [[' ', ' ', ' '], [' ', 'O', 'X'], [' ', ' ', 'X']]; xuli[424] = (0, 2)
th[425] = [[' ', ' ', ' '], [' ', 'O', 'X'], [' ', 'X', ' ']]; xuli[425] = (0, 2)
th[426] = [[' ', ' ', ' '], [' ', 'O', 'X'], ['O', 'X', 'X']]; xuli[426] = (0, 2)
th[427] = [[' ', ' ', ' '], [' ', 'O', 'X'], ['X', ' ', ' ']]; xuli[427] = (2, 2)
th[428] = [[' ', ' ', ' '], [' ', 'O', 'X'], ['X', 'O', 'X']]; xuli[428] = (0, 1)
th[429] = [[' ', ' ', ' '], [' ', 'O', 'X'], ['X', 'X', 'O']]; xuli[429] = (0, 0)
th[430] = [[' ', ' ', ' '], ['O', 'O', 'X'], [' ', 'X', 'X']]; xuli[430] = (2, 0)
th[431] = [[' ', ' ', ' '], ['O', 'O', 'X'], ['X', ' ', 'X']]; xuli[431] = (2, 1)
th[432] = [[' ', ' ', ' '], ['O', 'O', 'X'], ['X', 'X', ' ']]; xuli[432] = (2, 2)
th[433] = [[' ', ' ', ' '], ['X', 'O', ' '], [' ', ' ', 'X']]; xuli[433] = (2, 0)
th[434] = [[' ', ' ', ' '], ['X', 'O', ' '], [' ', 'X', ' ']]; xuli[434] = (2, 0)
th[435] = [[' ', ' ', ' '], ['X', 'O', ' '], ['O', 'X', 'X']]; xuli[435] = (0, 2)
th[436] = [[' ', ' ', ' '], ['X', 'O', ' '], ['X', ' ', ' ']]; xuli[436] = (0, 0)
th[437] = [[' ', ' ', ' '], ['X', 'O', ' '], ['X', 'O', 'X']]; xuli[437] = (0, 1)
th[438] = [[' ', ' ', ' '], ['X', 'O', ' '], ['X', 'X', 'O']]; xuli[438] = (0, 0)
th[439] = [[' ', ' ', ' '], ['X', 'O', 'O'], [' ', 'X', 'X']]; xuli[439] = (2, 0)
th[440] = [[' ', ' ', ' '], ['X', 'O', 'O'], ['X', ' ', 'X']]; xuli[440] = (0, 0)
th[441] = [[' ', ' ', ' '], ['X', 'O', 'O'], ['X', 'X', ' ']]; xuli[441] = (0, 0)
th[442] = [[' ', ' ', ' '], ['X', 'O', 'X'], [' ', ' ', ' ']]; xuli[442] = (2, 0)
th[443] = [[' ', ' ', ' '], ['X', 'O', 'X'], [' ', 'O', 'X']]; xuli[443] = (0, 1)
th[444] = [[' ', ' ', ' '], ['X', 'O', 'X'], [' ', 'X', 'O']]; xuli[444] = (0, 0)
th[445] = [[' ', ' ', ' '], ['X', 'O', 'X'], ['O', ' ', 'X']]; xuli[445] = (0, 2)
th[446] = [[' ', ' ', ' '], ['X', 'O', 'X'], ['O', 'X', ' ']]; xuli[446] = (0, 2)
th[447] = [[' ', ' ', ' '], ['X', 'O', 'X'], ['X', ' ', 'O']]; xuli[447] = (0, 0)
th[448] = [[' ', ' ', ' '], ['X', 'O', 'X'], ['X', 'O', ' ']]; xuli[448] = (0, 1)
th[449] = [[' ', ' ', 'O'], [' ', 'O', 'X'], [' ', 'X', 'X']]; xuli[449] = (2, 0)
th[450] = [[' ', ' ', 'O'], [' ', 'O', 'X'], ['X', ' ', 'X']]; xuli[450] = (2, 1)
th[451] = [[' ', ' ', 'O'], [' ', 'O', 'X'], ['X', 'X', ' ']]; xuli[451] = (2, 2)
th[452] = [[' ', ' ', 'O'], ['X', 'O', ' '], [' ', 'X', 'X']]; xuli[452] = (2, 0)
th[453] = [[' ', ' ', 'O'], ['X', 'O', ' '], ['X', ' ', 'X']]; xuli[453] = (2, 1)
th[454] = [[' ', ' ', 'O'], ['X', 'O', ' '], ['X', 'X', ' ']]; xuli[454] = (2, 2)
th[455] = [[' ', ' ', 'O'], ['X', 'O', 'X'], [' ', ' ', 'X']]; xuli[455] = (2, 0)
th[456] = [[' ', ' ', 'O'], ['X', 'O', 'X'], [' ', 'X', ' ']]; xuli[456] = (2, 0)
th[457] = [[' ', ' ', 'O'], ['X', 'O', 'X'], ['X', ' ', ' ']]; xuli[457] = (0, 0)
th[458] = [[' ', ' ', 'O'], ['X', 'O', 'X'], ['X', 'O', 'X']]; xuli[458] = (0, 1)
th[459] = [[' ', ' ', 'O'], ['X', 'O', 'X'], ['X', 'X', 'O']]; xuli[459] = (0, 0)
th[460] = [[' ', ' ', 'X'], [' ', 'O', ' '], [' ', ' ', 'X']]; xuli[460] = (1, 2)
th[461] = [[' ', ' ', 'X'], [' ', 'O', ' '], [' ', 'X', ' ']]; xuli[461] = (1, 2)
th[462] = [[' ', ' ', 'X'], [' ', 'O', ' '], ['O', 'X', 'X']]; xuli[462] = (1, 2)
th[463] = [[' ', ' ', 'X'], [' ', 'O', ' '], ['X', ' ', ' ']]; xuli[463] = (1, 2)
th[464] = [[' ', ' ', 'X'], [' ', 'O', ' '], ['X', 'O', 'X']]; xuli[464] = (0, 1)
th[465] = [[' ', ' ', 'X'], [' ', 'O', ' '], ['X', 'X', 'O']]; xuli[465] = (0, 0)
th[466] = [[' ', ' ', 'X'], [' ', 'O', 'O'], [' ', 'X', 'X']]; xuli[466] = (1, 0)
th[467] = [[' ', ' ', 'X'], [' ', 'O', 'O'], ['X', ' ', 'X']]; xuli[467] = (1, 0)
th[468] = [[' ', ' ', 'X'], [' ', 'O', 'O'], ['X', 'X', ' ']]; xuli[468] = (1, 0)
th[469] = [[' ', ' ', 'X'], [' ', 'O', 'X'], [' ', ' ', ' ']]; xuli[469] = (2, 2)
th[470] = [[' ', ' ', 'X'], [' ', 'O', 'X'], [' ', 'X', 'O']]; xuli[470] = (0, 0)
th[471] = [[' ', ' ', 'X'], [' ', 'O', 'X'], ['O', 'X', ' ']]; xuli[471] = (2, 2)
th[472] = [[' ', ' ', 'X'], [' ', 'O', 'X'], ['X', ' ', 'O']]; xuli[472] = (0, 0)
th[473] = [[' ', ' ', 'X'], [' ', 'O', 'X'], ['X', 'O', ' ']]; xuli[473] = (0, 1)
th[474] = [[' ', ' ', 'X'], ['O', 'O', ' '], [' ', 'X', 'X']]; xuli[474] = (1, 2)
th[475] = [[' ', ' ', 'X'], ['O', 'O', ' '], ['X', ' ', 'X']]; xuli[475] = (1, 2)
th[476] = [[' ', ' ', 'X'], ['O', 'O', ' '], ['X', 'X', ' ']]; xuli[476] = (1, 2)
th[477] = [[' ', ' ', 'X'], ['O', 'O', 'X'], [' ', 'X', ' ']]; xuli[477] = (2, 2)
th[478] = [[' ', ' ', 'X'], ['O', 'O', 'X'], ['X', ' ', ' ']]; xuli[478] = (2, 2)
th[479] = [[' ', ' ', 'X'], ['O', 'O', 'X'], ['X', 'X', 'O']]; xuli[479] = (0, 0)
th[480] = [[' ', ' ', 'X'], ['X', 'O', ' '], [' ', ' ', ' ']]; xuli[480] = (0, 1)
th[481] = [[' ', ' ', 'X'], ['X', 'O', ' '], [' ', 'O', 'X']]; xuli[481] = (0, 1)
th[482] = [[' ', ' ', 'X'], ['X', 'O', ' '], [' ', 'X', 'O']]; xuli[482] = (0, 0)
th[483] = [[' ', ' ', 'X'], ['X', 'O', ' '], ['O', ' ', 'X']]; xuli[483] = (1, 2)
th[484] = [[' ', ' ', 'X'], ['X', 'O', ' '], ['O', 'X', ' ']]; xuli[484] = (1, 2)
th[485] = [[' ', ' ', 'X'], ['X', 'O', ' '], ['X', ' ', 'O']]; xuli[485] = (0, 0)
th[486] = [[' ', ' ', 'X'], ['X', 'O', ' '], ['X', 'O', ' ']]; xuli[486] = (0, 1)
th[487] = [[' ', ' ', 'X'], ['X', 'O', 'O'], [' ', ' ', 'X']]; xuli[487] = (2, 1)
th[488] = [[' ', ' ', 'X'], ['X', 'O', 'O'], [' ', 'X', ' ']]; xuli[488] = (0, 0)
th[489] = [[' ', ' ', 'X'], ['X', 'O', 'O'], ['O', 'X', 'X']]; xuli[489] = (0, 0)
th[490] = [[' ', ' ', 'X'], ['X', 'O', 'O'], ['X', ' ', ' ']]; xuli[490] = (0, 0)
th[491] = [[' ', ' ', 'X'], ['X', 'O', 'O'], ['X', 'O', 'X']]; xuli[491] = (0, 1)
th[492] = [[' ', ' ', 'X'], ['X', 'O', 'O'], ['X', 'X', 'O']]; xuli[492] = (0, 0)
th[493] = [[' ', ' ', 'X'], ['X', 'O', 'X'], [' ', ' ', 'O']]; xuli[493] = (0, 0)
th[494] = [[' ', ' ', 'X'], ['X', 'O', 'X'], [' ', 'O', ' ']]; xuli[494] = (0, 1)
th[495] = [[' ', ' ', 'X'], ['X', 'O', 'X'], ['O', ' ', ' ']]; xuli[495] = (2, 2)
th[496] = [[' ', ' ', 'X'], ['X', 'O', 'X'], ['O', 'X', 'O']]; xuli[496] = (0, 0)
th[497] = [[' ', ' ', 'X'], ['X', 'O', 'X'], ['X', 'O', 'O']]; xuli[497] = (0, 0)
th[498] = [[' ', 'O', ' '], [' ', 'O', 'X'], [' ', 'X', 'X']]; xuli[498] = (2, 0)
th[499] = [[' ', 'O', ' '], [' ', 'O', 'X'], ['X', ' ', 'X']]; xuli[499] = (2, 1)
th[500] = [[' ', 'O', ' '], [' ', 'O', 'X'], ['X', 'X', ' ']]; xuli[500] = (2, 2)
th[501] = [[' ', 'O', ' '], ['X', 'O', ' '], [' ', 'X', 'X']]; xuli[501] = (2, 0)
th[502] = [[' ', 'O', ' '], ['X', 'O', ' '], ['X', ' ', 'X']]; xuli[502] = (2, 1)
th[503] = [[' ', 'O', ' '], ['X', 'O', ' '], ['X', 'X', ' ']]; xuli[503] = (0, 0)
th[504] = [[' ', 'O', ' '], ['X', 'O', 'X'], [' ', ' ', 'X']]; xuli[504] = (2, 1)
th[505] = [[' ', 'O', ' '], ['X', 'O', 'X'], [' ', 'X', ' ']]; xuli[505] = (0, 2)
th[506] = [[' ', 'O', ' '], ['X', 'O', 'X'], ['O', 'X', 'X']]; xuli[506] = (0, 2)
th[507] = [[' ', 'O', ' '], ['X', 'O', 'X'], ['X', ' ', ' ']]; xuli[507] = (2, 1)
th[508] = [[' ', 'O', ' '], ['X', 'O', 'X'], ['X', 'X', 'O']]; xuli[508] = (0, 0)
th[509] = [[' ', 'O', 'O'], ['X', 'O', 'X'], [' ', 'X', 'X']]; xuli[509] = (2, 0)
th[510] = [[' ', 'O', 'O'], ['X', 'O', 'X'], ['X', ' ', 'X']]; xuli[510] = (2, 1)
th[511] = [[' ', 'O', 'O'], ['X', 'O', 'X'], ['X', 'X', ' ']]; xuli[511] = (0, 0)
th[512] = [[' ', 'O', 'X'], [' ', 'O', ' '], [' ', 'X', 'X']]; xuli[512] = (1, 2)
th[513] = [[' ', 'O', 'X'], [' ', 'O', ' '], ['X', ' ', 'X']]; xuli[513] = (2, 1)
th[514] = [[' ', 'O', 'X'], [' ', 'O', ' '], ['X', 'X', ' ']]; xuli[514] = (2, 2)
th[515] = [[' ', 'O', 'X'], [' ', 'O', 'X'], [' ', 'X', ' ']]; xuli[515] = (2, 2)
th[516] = [[' ', 'O', 'X'], [' ', 'O', 'X'], ['X', ' ', ' ']]; xuli[516] = (2, 1)
th[517] = [[' ', 'O', 'X'], [' ', 'O', 'X'], ['X', 'X', 'O']]; xuli[517] = (0, 0)
th[518] = [[' ', 'O', 'X'], ['O', 'O', 'X'], ['X', 'X', ' ']]; xuli[518] = (2, 2)
th[519] = [[' ', 'O', 'X'], ['X', 'O', ' '], [' ', ' ', 'X']]; xuli[519] = (2, 1)
th[520] = [[' ', 'O', 'X'], ['X', 'O', ' '], [' ', 'X', ' ']]; xuli[520] = (2, 2)
th[521] = [[' ', 'O', 'X'], ['X', 'O', ' '], ['O', 'X', 'X']]; xuli[521] = (1, 2)
th[522] = [[' ', 'O', 'X'], ['X', 'O', ' '], ['X', ' ', ' ']]; xuli[522] = (2, 1)
th[523] = [[' ', 'O', 'X'], ['X', 'O', ' '], ['X', 'X', 'O']]; xuli[523] = (0, 0)
th[524] = [[' ', 'O', 'X'], ['X', 'O', 'O'], [' ', 'X', 'X']]; xuli[524] = (2, 0)
th[525] = [[' ', 'O', 'X'], ['X', 'O', 'O'], ['X', ' ', 'X']]; xuli[525] = (2, 1)
th[526] = [[' ', 'O', 'X'], ['X', 'O', 'O'], ['X', 'X', ' ']]; xuli[526] = (2, 2)
th[527] = [[' ', 'O', 'X'], ['X', 'O', 'X'], [' ', ' ', ' ']]; xuli[527] = (2, 1)
th[528] = [[' ', 'O', 'X'], ['X', 'O', 'X'], [' ', 'X', 'O']]; xuli[528] = (0, 0)
th[529] = [[' ', 'O', 'X'], ['X', 'O', 'X'], ['O', 'X', ' ']]; xuli[529] = (2, 2)
th[530] = [[' ', 'O', 'X'], ['X', 'O', 'X'], ['X', ' ', 'O']]; xuli[530] = (2, 1)
th[531] = [[' ', 'X', ' '], [' ', 'O', ' '], [' ', ' ', 'X']]; xuli[531] = (0, 2)
th[532] = [[' ', 'X', ' '], [' ', 'O', ' '], [' ', 'X', ' ']]; xuli[532] = (0, 2)
th[533] = [[' ', 'X', ' '], [' ', 'O', ' '], ['O', 'X', 'X']]; xuli[533] = (0, 2)
th[534] = [[' ', 'X', ' '], [' ', 'O', ' '], ['X', ' ', ' ']]; xuli[534] = (1, 2)
th[535] = [[' ', 'X', ' '], [' ', 'O', ' '], ['X', 'O', 'X']]; xuli[535] = (1, 2)
th[536] = [[' ', 'X', ' '], [' ', 'O', ' '], ['X', 'X', 'O']]; xuli[536] = (1, 2)
th[537] = [[' ', 'X', ' '], [' ', 'O', 'O'], [' ', 'X', 'X']]; xuli[537] = (1, 0)
th[538] = [[' ', 'X', ' '], [' ', 'O', 'O'], ['X', ' ', 'X']]; xuli[538] = (1, 0)
th[539] = [[' ', 'X', ' '], [' ', 'O', 'O'], ['X', 'X', ' ']]; xuli[539] = (1, 0)
th[540] = [[' ', 'X', ' '], [' ', 'O', 'X'], [' ', ' ', ' ']]; xuli[540] = (0, 2)
th[541] = [[' ', 'X', ' '], [' ', 'O', 'X'], [' ', 'O', 'X']]; xuli[541] = (0, 2)
th[542] = [[' ', 'X', ' '], [' ', 'O', 'X'], [' ', 'X', 'O']]; xuli[542] = (0, 0)
th[543] = [[' ', 'X', ' '], [' ', 'O', 'X'], ['O', ' ', 'X']]; xuli[543] = (0, 2)
th[544] = [[' ', 'X', ' '], [' ', 'O', 'X'], ['O', 'X', ' ']]; xuli[544] = (0, 2)
th[545] = [[' ', 'X', ' '], [' ', 'O', 'X'], ['X', ' ', 'O']]; xuli[545] = (0, 0)
th[546] = [[' ', 'X', ' '], [' ', 'O', 'X'], ['X', 'O', ' ']]; xuli[546] = (0, 0)
th[547] = [[' ', 'X', ' '], ['O', 'O', ' '], [' ', 'X', 'X']]; xuli[547] = (1, 2)
th[548] = [[' ', 'X', ' '], ['O', 'O', ' '], ['X', ' ', 'X']]; xuli[548] = (1, 2)
th[549] = [[' ', 'X', ' '], ['O', 'O', ' '], ['X', 'X', ' ']]; xuli[549] = (1, 2)
th[550] = [[' ', 'X', ' '], ['O', 'O', 'X'], [' ', ' ', 'X']]; xuli[550] = (0, 2)
th[551] = [[' ', 'X', ' '], ['O', 'O', 'X'], [' ', 'X', ' ']]; xuli[551] = (2, 0)
th[552] = [[' ', 'X', ' '], ['O', 'O', 'X'], ['O', 'X', 'X']]; xuli[552] = (0, 0)
th[553] = [[' ', 'X', ' '], ['O', 'O', 'X'], ['X', ' ', ' ']]; xuli[553] = (0, 0)
th[554] = [[' ', 'X', ' '], ['O', 'O', 'X'], ['X', 'O', 'X']]; xuli[554] = (0, 2)
th[555] = [[' ', 'X', ' '], ['O', 'O', 'X'], ['X', 'X', 'O']]; xuli[555] = (0, 0)
th[556] = [[' ', 'X', ' '], ['X', 'O', ' '], [' ', ' ', ' ']]; xuli[556] = (2, 0)
th[557] = [[' ', 'X', ' '], ['X', 'O', ' '], [' ', 'O', 'X']]; xuli[557] = (0, 2)
th[558] = [[' ', 'X', ' '], ['X', 'O', ' '], [' ', 'X', 'O']]; xuli[558] = (0, 2)
th[559] = [[' ', 'X', ' '], ['X', 'O', ' '], ['O', ' ', 'X']]; xuli[559] = (0, 2)
th[560] = [[' ', 'X', ' '], ['X', 'O', ' '], ['O', 'X', ' ']]; xuli[560] = (0, 2)
th[561] = [[' ', 'X', ' '], ['X', 'O', ' '], ['X', ' ', 'O']]; xuli[561] = (0, 0)
th[562] = [[' ', 'X', ' '], ['X', 'O', ' '], ['X', 'O', ' ']]; xuli[562] = (0, 0)
th[563] = [[' ', 'X', ' '], ['X', 'O', 'O'], [' ', ' ', 'X']]; xuli[563] = (2, 0)
th[564] = [[' ', 'X', ' '], ['X', 'O', 'O'], [' ', 'X', ' ']]; xuli[564] = (2, 2)
th[565] = [[' ', 'X', ' '], ['X', 'O', 'O'], ['O', 'X', 'X']]; xuli[565] = (0, 2)
th[566] = [[' ', 'X', ' '], ['X', 'O', 'O'], ['X', ' ', ' ']]; xuli[566] = (0, 0)
th[567] = [[' ', 'X', ' '], ['X', 'O', 'O'], ['X', 'O', 'X']]; xuli[567] = (0, 0)
th[568] = [[' ', 'X', ' '], ['X', 'O', 'O'], ['X', 'X', 'O']]; xuli[568] = (0, 0)
th[569] = [[' ', 'X', ' '], ['X', 'O', 'X'], [' ', ' ', 'O']]; xuli[569] = (0, 0)
th[570] = [[' ', 'X', ' '], ['X', 'O', 'X'], [' ', 'O', ' ']]; xuli[570] = (2, 2)
th[571] = [[' ', 'X', ' '], ['X', 'O', 'X'], ['O', ' ', ' ']]; xuli[571] = (0, 2)
th[572] = [[' ', 'X', ' '], ['X', 'O', 'X'], ['O', 'O', 'X']]; xuli[572] = (0, 2)
th[573] = [[' ', 'X', ' '], ['X', 'O', 'X'], ['O', 'X', 'O']]; xuli[573] = (0, 2)
th[574] = [[' ', 'X', ' '], ['X', 'O', 'X'], ['X', 'O', 'O']]; xuli[574] = (0, 0)
th[575] = [[' ', 'X', 'O'], [' ', 'O', ' '], [' ', 'X', 'X']]; xuli[575] = (2, 0)
th[576] = [[' ', 'X', 'O'], [' ', 'O', ' '], ['X', ' ', 'X']]; xuli[576] = (2, 1)
th[577] = [[' ', 'X', 'O'], [' ', 'O', ' '], ['X', 'X', ' ']]; xuli[577] = (2, 2)
th[578] = [[' ', 'X', 'O'], [' ', 'O', 'X'], [' ', ' ', 'X']]; xuli[578] = (2, 0)
th[579] = [[' ', 'X', 'O'], [' ', 'O', 'X'], [' ', 'X', ' ']]; xuli[579] = (2, 0)
th[580] = [[' ', 'X', 'O'], [' ', 'O', 'X'], ['X', ' ', ' ']]; xuli[580] = (2, 2)
th[581] = [[' ', 'X', 'O'], [' ', 'O', 'X'], ['X', 'O', 'X']]; xuli[581] = (1, 0)
th[582] = [[' ', 'X', 'O'], [' ', 'O', 'X'], ['X', 'X', 'O']]; xuli[582] = (0, 0)
th[583] = [[' ', 'X', 'O'], ['O', 'O', 'X'], [' ', 'X', 'X']]; xuli[583] = (2, 0)
th[584] = [[' ', 'X', 'O'], ['O', 'O', 'X'], ['X', ' ', 'X']]; xuli[584] = (2, 1)
th[585] = [[' ', 'X', 'O'], ['O', 'O', 'X'], ['X', 'X', ' ']]; xuli[585] = (2, 2)
th[586] = [[' ', 'X', 'O'], ['X', 'O', ' '], [' ', ' ', 'X']]; xuli[586] = (2, 0)
th[587] = [[' ', 'X', 'O'], ['X', 'O', ' '], [' ', 'X', ' ']]; xuli[587] = (2, 0)
th[588] = [[' ', 'X', 'O'], ['X', 'O', ' '], ['X', ' ', ' ']]; xuli[588] = (0, 0)
th[589] = [[' ', 'X', 'O'], ['X', 'O', ' '], ['X', 'O', 'X']]; xuli[589] = (0, 0)
th[590] = [[' ', 'X', 'O'], ['X', 'O', ' '], ['X', 'X', 'O']]; xuli[590] = (0, 0)
th[591] = [[' ', 'X', 'O'], ['X', 'O', 'O'], [' ', 'X', 'X']]; xuli[591] = (2, 0)
th[592] = [[' ', 'X', 'O'], ['X', 'O', 'O'], ['X', ' ', 'X']]; xuli[592] = (2, 1)
th[593] = [[' ', 'X', 'O'], ['X', 'O', 'O'], ['X', 'X', ' ']]; xuli[593] = (2, 2)
th[594] = [[' ', 'X', 'O'], ['X', 'O', 'X'], [' ', ' ', ' ']]; xuli[594] = (2, 0)
th[595] = [[' ', 'X', 'O'], ['X', 'O', 'X'], [' ', 'O', 'X']]; xuli[595] = (2, 0)
th[596] = [[' ', 'X', 'O'], ['X', 'O', 'X'], [' ', 'X', 'O']]; xuli[596] = (2, 0)
th[597] = [[' ', 'X', 'O'], ['X', 'O', 'X'], ['X', ' ', 'O']]; xuli[597] = (0, 0)
th[598] = [[' ', 'X', 'O'], ['X', 'O', 'X'], ['X', 'O', ' ']]; xuli[598] = (0, 0)
th[599] = [[' ', 'X', 'X'], [' ', 'O', ' '], [' ', ' ', ' ']]; xuli[599] = (0, 0)
th[600] = [[' ', 'X', 'X'], [' ', 'O', ' '], [' ', 'O', 'X']]; xuli[600] = (1, 2)
th[601] = [[' ', 'X', 'X'], [' ', 'O', ' '], [' ', 'X', 'O']]; xuli[601] = (0, 0)
th[602] = [[' ', 'X', 'X'], [' ', 'O', ' '], ['O', ' ', 'X']]; xuli[602] = (0, 0)
th[603] = [[' ', 'X', 'X'], [' ', 'O', ' '], ['O', 'X', ' ']]; xuli[603] = (0, 0)
th[604] = [[' ', 'X', 'X'], [' ', 'O', ' '], ['X', ' ', 'O']]; xuli[604] = (0, 0)
th[605] = [[' ', 'X', 'X'], [' ', 'O', ' '], ['X', 'O', ' ']]; xuli[605] = (0, 0)
th[606] = [[' ', 'X', 'X'], [' ', 'O', 'O'], [' ', ' ', 'X']]; xuli[606] = (1, 0)
th[607] = [[' ', 'X', 'X'], [' ', 'O', 'O'], [' ', 'X', ' ']]; xuli[607] = (1, 0)
th[608] = [[' ', 'X', 'X'], [' ', 'O', 'O'], ['O', 'X', 'X']]; xuli[608] = (1, 0)
th[609] = [[' ', 'X', 'X'], [' ', 'O', 'O'], ['X', ' ', ' ']]; xuli[609] = (1, 0)
th[610] = [[' ', 'X', 'X'], [' ', 'O', 'O'], ['X', 'O', 'X']]; xuli[610] = (1, 0)
th[611] = [[' ', 'X', 'X'], [' ', 'O', 'O'], ['X', 'X', 'O']]; xuli[611] = (1, 0)
th[612] = [[' ', 'X', 'X'], [' ', 'O', 'X'], [' ', ' ', 'O']]; xuli[612] = (0, 0)
th[613] = [[' ', 'X', 'X'], [' ', 'O', 'X'], [' ', 'O', ' ']]; xuli[613] = (2, 2)
th[614] = [[' ', 'X', 'X'], [' ', 'O', 'X'], ['O', ' ', ' ']]; xuli[614] = (0, 0)
th[615] = [[' ', 'X', 'X'], [' ', 'O', 'X'], ['O', 'X', 'O']]; xuli[615] = (0, 0)
th[616] = [[' ', 'X', 'X'], [' ', 'O', 'X'], ['X', 'O', 'O']]; xuli[616] = (0, 0)
th[617] = [[' ', 'X', 'X'], ['O', 'O', ' '], [' ', ' ', 'X']]; xuli[617] = (1, 2)
th[618] = [[' ', 'X', 'X'], ['O', 'O', ' '], [' ', 'X', ' ']]; xuli[618] = (1, 2)
th[619] = [[' ', 'X', 'X'], ['O', 'O', ' '], ['O', 'X', 'X']]; xuli[619] = (1, 2)
th[620] = [[' ', 'X', 'X'], ['O', 'O', ' '], ['X', ' ', ' ']]; xuli[620] = (1, 2)
th[621] = [[' ', 'X', 'X'], ['O', 'O', ' '], ['X', 'O', 'X']]; xuli[621] = (1, 2)
th[622] = [[' ', 'X', 'X'], ['O', 'O', ' '], ['X', 'X', 'O']]; xuli[622] = (1, 2)
th[623] = [[' ', 'X', 'X'], ['O', 'O', 'X'], [' ', ' ', ' ']]; xuli[623] = (0, 0)
th[624] = [[' ', 'X', 'X'], ['O', 'O', 'X'], [' ', 'X', 'O']]; xuli[624] = (0, 0)
th[625] = [[' ', 'X', 'X'], ['O', 'O', 'X'], ['O', 'X', ' ']]; xuli[625] = (0, 0)
th[626] = [[' ', 'X', 'X'], ['O', 'O', 'X'], ['X', ' ', 'O']]; xuli[626] = (0, 0)
th[627] = [[' ', 'X', 'X'], ['O', 'O', 'X'], ['X', 'O', ' ']]; xuli[627] = (0, 0)
th[628] = [[' ', 'X', 'X'], ['X', 'O', ' '], [' ', ' ', 'O']]; xuli[628] = (0, 0)
th[629] = [[' ', 'X', 'X'], ['X', 'O', ' '], [' ', 'O', ' ']]; xuli[629] = (0, 0)
th[630] = [[' ', 'X', 'X'], ['X', 'O', ' '], ['O', ' ', ' ']]; xuli[630] = (0, 0)
th[631] = [[' ', 'X', 'X'], ['X', 'O', ' '], ['O', 'O', 'X']]; xuli[631] = (0, 0)
th[632] = [[' ', 'X', 'X'], ['X', 'O', ' '], ['O', 'X', 'O']]; xuli[632] = (0, 0)
th[633] = [[' ', 'X', 'X'], ['X', 'O', ' '], ['X', 'O', 'O']]; xuli[633] = (0, 0)
th[634] = [[' ', 'X', 'X'], ['X', 'O', 'O'], [' ', ' ', ' ']]; xuli[634] = (0, 0)
th[635] = [[' ', 'X', 'X'], ['X', 'O', 'O'], [' ', 'O', 'X']]; xuli[635] = (0, 0)
th[636] = [[' ', 'X', 'X'], ['X', 'O', 'O'], [' ', 'X', 'O']]; xuli[636] = (0, 0)
th[637] = [[' ', 'X', 'X'], ['X', 'O', 'O'], ['O', ' ', 'X']]; xuli[637] = (0, 0)
th[638] = [[' ', 'X', 'X'], ['X', 'O', 'O'], ['O', 'X', ' ']]; xuli[638] = (0, 0)
th[639] = [[' ', 'X', 'X'], ['X', 'O', 'O'], ['X', ' ', 'O']]; xuli[639] = (0, 0)
th[640] = [[' ', 'X', 'X'], ['X', 'O', 'O'], ['X', 'O', ' ']]; xuli[640] = (0, 0)
th[641] = [[' ', 'X', 'X'], ['X', 'O', 'X'], [' ', 'O', 'O']]; xuli[641] = (0, 0)
th[642] = [[' ', 'X', 'X'], ['X', 'O', 'X'], ['O', ' ', 'O']]; xuli[642] = (0, 0)
th[643] = [[' ', 'X', 'X'], ['X', 'O', 'X'], ['O', 'O', ' ']]; xuli[643] = (2, 2)
th[644] = [['O', ' ', ' '], [' ', 'O', 'X'], [' ', 'X', 'X']]; xuli[644] = (2, 0)
th[645] = [['O', ' ', ' '], [' ', 'O', 'X'], ['X', ' ', 'X']]; xuli[645] = (0, 2)
th[646] = [['O', ' ', ' '], [' ', 'O', 'X'], ['X', 'X', ' ']]; xuli[646] = (2, 2)
th[647] = [['O', ' ', ' '], ['X', 'O', ' '], [' ', 'X', 'X']]; xuli[647] = (2, 0)
th[648] = [['O', ' ', ' '], ['X', 'O', ' '], ['X', ' ', 'X']]; xuli[648] = (2, 1)
th[649] = [['O', ' ', ' '], ['X', 'O', ' '], ['X', 'X', ' ']]; xuli[649] = (2, 2)
th[650] = [['O', ' ', ' '], ['X', 'O', 'X'], [' ', ' ', 'X']]; xuli[650] = (0, 2)
th[651] = [['O', ' ', ' '], ['X', 'O', 'X'], [' ', 'X', ' ']]; xuli[651] = (0, 2)
th[652] = [['O', ' ', ' '], ['X', 'O', 'X'], ['O', 'X', 'X']]; xuli[652] = (0, 2)
th[653] = [['O', ' ', ' '], ['X', 'O', 'X'], ['X', ' ', ' ']]; xuli[653] = (2, 2)
th[654] = [['O', ' ', ' '], ['X', 'O', 'X'], ['X', 'O', 'X']]; xuli[654] = (0, 1)
th[655] = [['O', ' ', 'O'], ['X', 'O', 'X'], [' ', 'X', 'X']]; xuli[655] = (0, 1)
th[656] = [['O', ' ', 'O'], ['X', 'O', 'X'], ['X', ' ', 'X']]; xuli[656] = (0, 1)
th[657] = [['O', ' ', 'O'], ['X', 'O', 'X'], ['X', 'X', ' ']]; xuli[657] = (0, 1)
th[658] = [['O', ' ', 'X'], [' ', 'O', ' '], [' ', 'X', 'X']]; xuli[658] = (1, 2)
th[659] = [['O', ' ', 'X'], [' ', 'O', ' '], ['X', ' ', 'X']]; xuli[659] = (1, 2)
th[660] = [['O', ' ', 'X'], [' ', 'O', ' '], ['X', 'X', ' ']]; xuli[660] = (2, 2)
th[661] = [['O', ' ', 'X'], [' ', 'O', 'X'], [' ', 'X', ' ']]; xuli[661] = (2, 2)
th[662] = [['O', ' ', 'X'], [' ', 'O', 'X'], ['X', ' ', ' ']]; xuli[662] = (2, 2)
th[663] = [['O', ' ', 'X'], ['O', 'O', 'X'], ['X', 'X', ' ']]; xuli[663] = (2, 2)
th[664] = [['O', ' ', 'X'], ['X', 'O', ' '], [' ', ' ', 'X']]; xuli[664] = (1, 2)
th[665] = [['O', ' ', 'X'], ['X', 'O', ' '], [' ', 'X', ' ']]; xuli[665] = (2, 2)
th[666] = [['O', ' ', 'X'], ['X', 'O', ' '], ['O', 'X', 'X']]; xuli[666] = (1, 2)
th[667] = [['O', ' ', 'X'], ['X', 'O', ' '], ['X', ' ', ' ']]; xuli[667] = (2, 2)
th[668] = [['O', ' ', 'X'], ['X', 'O', ' '], ['X', 'O', 'X']]; xuli[668] = (0, 1)
th[669] = [['O', ' ', 'X'], ['X', 'O', 'O'], [' ', 'X', 'X']]; xuli[669] = (2, 0)
th[670] = [['O', ' ', 'X'], ['X', 'O', 'O'], ['X', ' ', 'X']]; xuli[670] = (2, 1)
th[671] = [['O', ' ', 'X'], ['X', 'O', 'O'], ['X', 'X', ' ']]; xuli[671] = (2, 2)
th[672] = [['O', ' ', 'X'], ['X', 'O', 'X'], [' ', ' ', ' ']]; xuli[672] = (2, 2)
th[673] = [['O', ' ', 'X'], ['X', 'O', 'X'], ['O', 'X', ' ']]; xuli[673] = (2, 2)
th[674] = [['O', ' ', 'X'], ['X', 'O', 'X'], ['X', 'O', ' ']]; xuli[674] = (2, 2)
th[675] = [['O', 'O', ' '], ['X', 'O', 'X'], [' ', 'X', 'X']]; xuli[675] = (0, 2)
th[676] = [['O', 'O', ' '], ['X', 'O', 'X'], ['X', ' ', 'X']]; xuli[676] = (0, 2)
th[677] = [['O', 'O', ' '], ['X', 'O', 'X'], ['X', 'X', ' ']]; xuli[677] = (0, 2)
th[678] = [['O', 'O', 'X'], [' ', 'O', 'X'], ['X', 'X', ' ']]; xuli[678] = (2, 2)
th[679] = [['O', 'O', 'X'], ['X', 'O', ' '], [' ', 'X', 'X']]; xuli[679] = (2, 0)
th[680] = [['O', 'O', 'X'], ['X', 'O', ' '], ['X', ' ', 'X']]; xuli[680] = (2, 1)
th[681] = [['O', 'O', 'X'], ['X', 'O', ' '], ['X', 'X', ' ']]; xuli[681] = (2, 2)
th[682] = [['O', 'O', 'X'], ['X', 'O', 'X'], [' ', 'X', ' ']]; xuli[682] = (2, 2)
th[683] = [['O', 'O', 'X'], ['X', 'O', 'X'], ['X', ' ', ' ']]; xuli[683] = (2, 2)
th[684] = [['O', 'X', ' '], [' ', 'O', ' '], [' ', 'X', 'X']]; xuli[684] = (2, 0)
th[685] = [['O', 'X', ' '], [' ', 'O', ' '], ['X', ' ', 'X']]; xuli[685] = (2, 1)
th[686] = [['O', 'X', ' '], [' ', 'O', ' '], ['X', 'X', ' ']]; xuli[686] = (2, 2)
th[687] = [['O', 'X', ' '], [' ', 'O', 'X'], [' ', ' ', 'X']]; xuli[687] = (0, 2)
th[688] = [['O', 'X', ' '], [' ', 'O', 'X'], [' ', 'X', ' ']]; xuli[688] = (2, 2)
th[689] = [['O', 'X', ' '], [' ', 'O', 'X'], ['O', 'X', 'X']]; xuli[689] = (0, 2)
th[690] = [['O', 'X', ' '], [' ', 'O', 'X'], ['X', ' ', ' ']]; xuli[690] = (2, 2)
th[691] = [['O', 'X', ' '], [' ', 'O', 'X'], ['X', 'O', 'X']]; xuli[691] = (0, 2)
th[692] = [['O', 'X', ' '], ['O', 'O', 'X'], [' ', 'X', 'X']]; xuli[692] = (2, 0)
th[693] = [['O', 'X', ' '], ['O', 'O', 'X'], ['X', ' ', 'X']]; xuli[693] = (2, 1)
th[694] = [['O', 'X', ' '], ['O', 'O', 'X'], ['X', 'X', ' ']]; xuli[694] = (2, 2)
th[695] = [['O', 'X', ' '], ['X', 'O', ' '], [' ', ' ', 'X']]; xuli[695] = (0, 2)
th[696] = [['O', 'X', ' '], ['X', 'O', ' '], [' ', 'X', ' ']]; xuli[696] = (2, 2)
th[697] = [['O', 'X', ' '], ['X', 'O', ' '], ['O', 'X', 'X']]; xuli[697] = (0, 2)
th[698] = [['O', 'X', ' '], ['X', 'O', ' '], ['X', ' ', ' ']]; xuli[698] = (2, 2)
th[699] = [['O', 'X', ' '], ['X', 'O', ' '], ['X', 'O', 'X']]; xuli[699] = (0, 2)
th[700] = [['O', 'X', ' '], ['X', 'O', 'O'], [' ', 'X', 'X']]; xuli[700] = (2, 0)
th[701] = [['O', 'X', ' '], ['X', 'O', 'O'], ['X', ' ', 'X']]; xuli[701] = (2, 1)
th[702] = [['O', 'X', ' '], ['X', 'O', 'O'], ['X', 'X', ' ']]; xuli[702] = (2, 2)
th[703] = [['O', 'X', ' '], ['X', 'O', 'X'], [' ', ' ', ' ']]; xuli[703] = (2, 2)
th[704] = [['O', 'X', ' '], ['X', 'O', 'X'], [' ', 'O', 'X']]; xuli[704] = (0, 2)
th[705] = [['O', 'X', ' '], ['X', 'O', 'X'], ['O', ' ', 'X']]; xuli[705] = (0, 2)
th[706] = [['O', 'X', ' '], ['X', 'O', 'X'], ['O', 'X', ' ']]; xuli[706] = (0, 2)
th[707] = [['O', 'X', ' '], ['X', 'O', 'X'], ['X', 'O', ' ']]; xuli[707] = (2, 2)
th[708] = [['O', 'X', 'O'], [' ', 'O', 'X'], [' ', 'X', 'X']]; xuli[708] = (2, 0)
th[709] = [['O', 'X', 'O'], [' ', 'O', 'X'], ['X', ' ', 'X']]; xuli[709] = (2, 1)
th[710] = [['O', 'X', 'O'], [' ', 'O', 'X'], ['X', 'X', ' ']]; xuli[710] = (2, 2)
th[711] = [['O', 'X', 'O'], ['X', 'O', ' '], [' ', 'X', 'X']]; xuli[711] = (2, 0)
th[712] = [['O', 'X', 'O'], ['X', 'O', ' '], ['X', ' ', 'X']]; xuli[712] = (2, 1)
th[713] = [['O', 'X', 'O'], ['X', 'O', ' '], ['X', 'X', ' ']]; xuli[713] = (2, 2)
th[714] = [['O', 'X', 'O'], ['X', 'O', 'X'], [' ', ' ', 'X']]; xuli[714] = (2, 0)
th[715] = [['O', 'X', 'O'], ['X', 'O', 'X'], [' ', 'X', ' ']]; xuli[715] = (2, 0)
th[716] = [['O', 'X', 'O'], ['X', 'O', 'X'], ['X', ' ', ' ']]; xuli[716] = (2, 2)
th[717] = [['O', 'X', 'X'], [' ', 'O', ' '], [' ', ' ', 'X']]; xuli[717] = (1, 2)
th[718] = [['O', 'X', 'X'], [' ', 'O', ' '], [' ', 'X', ' ']]; xuli[718] = (1, 0)
th[719] = [['O', 'X', 'X'], [' ', 'O', ' '], ['O', 'X', 'X']]; xuli[719] = (1, 0)
th[720] = [['O', 'X', 'X'], [' ', 'O', ' '], ['X', ' ', ' ']]; xuli[720] = (2, 2)
th[721] = [['O', 'X', 'X'], [' ', 'O', ' '], ['X', 'O', 'X']]; xuli[721] = (1, 2)
th[722] = [['O', 'X', 'X'], [' ', 'O', 'O'], [' ', 'X', 'X']]; xuli[722] = (1, 0)
th[723] = [['O', 'X', 'X'], [' ', 'O', 'O'], ['X', ' ', 'X']]; xuli[723] = (1, 0)
th[724] = [['O', 'X', 'X'], [' ', 'O', 'O'], ['X', 'X', ' ']]; xuli[724] = (1, 0)
th[725] = [['O', 'X', 'X'], [' ', 'O', 'X'], [' ', ' ', ' ']]; xuli[725] = (2, 2)
th[726] = [['O', 'X', 'X'], [' ', 'O', 'X'], ['O', 'X', ' ']]; xuli[726] = (2, 2)
th[727] = [['O', 'X', 'X'], [' ', 'O', 'X'], ['X', 'O', ' ']]; xuli[727] = (2, 2)
th[728] = [['O', 'X', 'X'], ['O', 'O', ' '], [' ', 'X', 'X']]; xuli[728] = (2, 0)
th[729] = [['O', 'X', 'X'], ['O', 'O', ' '], ['X', ' ', 'X']]; xuli[729] = (1, 2)
th[730] = [['O', 'X', 'X'], ['O', 'O', ' '], ['X', 'X', ' ']]; xuli[730] = (2, 2)
th[731] = [['O', 'X', 'X'], ['O', 'O', 'X'], [' ', 'X', ' ']]; xuli[731] = (2, 0)
th[732] = [['O', 'X', 'X'], ['O', 'O', 'X'], ['X', ' ', ' ']]; xuli[732] = (2, 2)
th[733] = [['O', 'X', 'X'], ['X', 'O', ' '], [' ', ' ', ' ']]; xuli[733] = (2, 2)
th[734] = [['O', 'X', 'X'], ['X', 'O', ' '], [' ', 'O', 'X']]; xuli[734] = (1, 2)
th[735] = [['O', 'X', 'X'], ['X', 'O', ' '], ['O', ' ', 'X']]; xuli[735] = (1, 2)
th[736] = [['O', 'X', 'X'], ['X', 'O', ' '], ['O', 'X', ' ']]; xuli[736] = (2, 2)
th[737] = [['O', 'X', 'X'], ['X', 'O', ' '], ['X', 'O', ' ']]; xuli[737] = (2, 2)
th[738] = [['O', 'X', 'X'], ['X', 'O', 'O'], [' ', ' ', 'X']]; xuli[738] = (2, 1)
th[739] = [['O', 'X', 'X'], ['X', 'O', 'O'], [' ', 'X', ' ']]; xuli[739] = (2, 2)
th[740] = [['O', 'X', 'X'], ['X', 'O', 'O'], ['X', ' ', ' ']]; xuli[740] = (2, 2)
th[741] = [['O', 'X', 'X'], ['X', 'O', 'X'], [' ', 'O', ' ']]; xuli[741] = (2, 2)
th[742] = [['O', 'X', 'X'], ['X', 'O', 'X'], ['O', ' ', ' ']]; xuli[742] = (2, 2)'''